INFO 2024-01-02 19:11:58,241 autoreload 18036 10388 Watching for file changes with StatReloader
INFO 2024-01-02 19:12:41,163 basehttp 18036 15084 "GET /contact/ HTTP/1.1" 200 2794
INFO 2024-01-02 20:21:35,834 autoreload 14680 21656 Watching for file changes with StatReloader
INFO 2024-01-02 20:22:15,591 basehttp 14680 1084 "GET / HTTP/1.1" 200 2555
INFO 2024-01-02 20:23:37,179 basehttp 14680 1084 "GET /contact/ HTTP/1.1" 200 2794
INFO 2024-01-02 20:39:45,691 autoreload 14680 21656 C:\Users\User\Desktop\projects\django_sem1\django_sem1\urls.py changed, reloading.
INFO 2024-01-02 20:39:46,448 autoreload 3992 10172 Watching for file changes with StatReloader
INFO 2024-01-02 20:48:34,678 autoreload 3992 10172 C:\Users\User\Desktop\projects\django_sem1\twoapp\urls.py changed, reloading.
INFO 2024-01-02 20:48:35,223 autoreload 11416 6268 Watching for file changes with StatReloader
INFO 2024-01-02 20:50:54,130 autoreload 14784 17888 Watching for file changes with StatReloader
INFO 2024-01-02 20:51:12,473 basehttp 14784 4424 "GET / HTTP/1.1" 200 2555
INFO 2024-01-02 20:51:21,217 basehttp 14784 4424 "GET /twoapp HTTP/1.1" 301 0
INFO 2024-01-02 20:51:21,221 basehttp 14784 14864 "GET /twoapp/ HTTP/1.1" 200 7
INFO 2024-01-02 20:53:44,094 autoreload 14784 17888 C:\Users\User\Desktop\projects\django_sem1\twoapp\models.py changed, reloading.
INFO 2024-01-02 20:53:44,600 autoreload 15356 16820 Watching for file changes with StatReloader
INFO 2024-01-02 20:54:23,311 autoreload 15356 16820 C:\Users\User\Desktop\projects\django_sem1\twoapp\models.py changed, reloading.
INFO 2024-01-02 20:54:23,840 autoreload 23248 21892 Watching for file changes with StatReloader
INFO 2024-01-02 20:55:52,455 autoreload 23248 21892 C:\Users\User\Desktop\projects\django_sem1\twoapp\models.py changed, reloading.
INFO 2024-01-02 20:55:53,115 autoreload 20272 21044 Watching for file changes with StatReloader
INFO 2024-01-02 21:01:06,181 autoreload 20272 21044 C:\Users\User\Desktop\projects\django_sem1\twoapp\models.py changed, reloading.
INFO 2024-01-02 21:01:06,680 autoreload 20700 9800 Watching for file changes with StatReloader
INFO 2024-01-02 21:04:34,187 autoreload 20700 9800 C:\Users\User\Desktop\projects\django_sem1\twoapp\models.py changed, reloading.
INFO 2024-01-02 21:04:34,770 autoreload 17064 15264 Watching for file changes with StatReloader
INFO 2024-01-02 21:05:05,594 autoreload 17064 15264 C:\Users\User\Desktop\projects\django_sem1\twoapp\models.py changed, reloading.
INFO 2024-01-02 21:05:06,076 autoreload 11572 22240 Watching for file changes with StatReloader
INFO 2024-01-02 21:07:45,739 autoreload 11572 22240 C:\Users\User\Desktop\projects\django_sem1\twoapp\models.py changed, reloading.
INFO 2024-01-02 21:07:46,247 autoreload 12172 16292 Watching for file changes with StatReloader
INFO 2024-01-02 21:10:53,362 autoreload 12172 16292 C:\Users\User\Desktop\projects\django_sem1\twoapp\models.py changed, reloading.
INFO 2024-01-02 21:10:53,836 autoreload 23180 9844 Watching for file changes with StatReloader
INFO 2024-01-02 21:23:14,689 autoreload 18764 22808 Watching for file changes with StatReloader
INFO 2024-01-02 21:23:43,989 autoreload 17144 9700 Watching for file changes with StatReloader
INFO 2024-01-02 21:23:50,524 basehttp 17144 19716 "GET /twoapp/ HTTP/1.1" 200 123
INFO 2024-01-02 21:24:54,531 autoreload 1600 8896 Watching for file changes with StatReloader
INFO 2024-01-02 21:24:58,435 basehttp 1600 3580 "GET /twoapp/ HTTP/1.1" 200 118
INFO 2024-01-02 21:25:48,063 autoreload 20936 13240 Watching for file changes with StatReloader
INFO 2024-01-02 21:25:52,171 basehttp 20936 21048 "GET /twoapp/ HTTP/1.1" 200 132
INFO 2024-01-02 21:47:09,073 autoreload 12592 12172 Watching for file changes with StatReloader
INFO 2024-01-02 21:47:51,083 autoreload 10860 8544 Watching for file changes with StatReloader
INFO 2024-01-02 21:48:05,862 basehttp 10860 1764 "GET /twoapp/ HTTP/1.1" 200 790
INFO 2024-01-02 21:51:50,926 autoreload 10860 8544 C:\Users\User\Desktop\projects\django_sem1\twoapp\views.py changed, reloading.
INFO 2024-01-02 21:51:51,501 autoreload 10148 18936 Watching for file changes with StatReloader
INFO 2024-01-02 21:53:23,746 autoreload 10148 18936 C:\Users\User\Desktop\projects\django_sem1\twoapp\views.py changed, reloading.
INFO 2024-01-02 21:53:24,196 autoreload 7760 19460 Watching for file changes with StatReloader
INFO 2024-01-02 21:54:36,854 autoreload 20456 14568 Watching for file changes with StatReloader
INFO 2024-01-02 21:55:33,443 basehttp 20456 9772 "GET /twoapp/ HTTP/1.1" 200 918
ERROR 2024-01-02 21:55:45,363 log 20456 9772 Internal Server Error: /twoapp/
Traceback (most recent call last):
  File "C:\Users\User\Desktop\projects\django_sem1\venv\Lib\site-packages\django\db\backends\utils.py", line 105, in _execute
    return self.cursor.execute(sql, params)
           ^^^^^^^^^^^^^^^^^^^^^^^^^^^^^^^^
  File "C:\Users\User\Desktop\projects\django_sem1\venv\Lib\site-packages\django\db\backends\sqlite3\base.py", line 328, in execute
    return super().execute(query, params)
           ^^^^^^^^^^^^^^^^^^^^^^^^^^^^^^
sqlite3.OperationalError: table twoapp_client has no column named address

The above exception was the direct cause of the following exception:

Traceback (most recent call last):
  File "C:\Users\User\Desktop\projects\django_sem1\venv\Lib\site-packages\django\core\handlers\exception.py", line 55, in inner
    response = get_response(request)
               ^^^^^^^^^^^^^^^^^^^^^
  File "C:\Users\User\Desktop\projects\django_sem1\venv\Lib\site-packages\django\core\handlers\base.py", line 197, in _get_response
    response = wrapped_callback(request, *callback_args, **callback_kwargs)
               ^^^^^^^^^^^^^^^^^^^^^^^^^^^^^^^^^^^^^^^^^^^^^^^^^^^^^^^^^^^^
  File "C:\Users\User\Desktop\projects\django_sem1\venv\Lib\site-packages\django\views\generic\base.py", line 104, in view
    return self.dispatch(request, *args, **kwargs)
           ^^^^^^^^^^^^^^^^^^^^^^^^^^^^^^^^^^^^^^^
  File "C:\Users\User\Desktop\projects\django_sem1\venv\Lib\site-packages\django\views\generic\base.py", line 143, in dispatch
    return handler(request, *args, **kwargs)
           ^^^^^^^^^^^^^^^^^^^^^^^^^^^^^^^^^
  File "C:\Users\User\Desktop\projects\django_sem1\twoapp\views.py", line 21, in post
    form.save()
  File "C:\Users\User\Desktop\projects\django_sem1\venv\Lib\site-packages\django\forms\models.py", line 551, in save
    self.instance.save()
  File "C:\Users\User\Desktop\projects\django_sem1\venv\Lib\site-packages\django\db\models\base.py", line 822, in save
    self.save_base(
  File "C:\Users\User\Desktop\projects\django_sem1\venv\Lib\site-packages\django\db\models\base.py", line 909, in save_base
    updated = self._save_table(
              ^^^^^^^^^^^^^^^^^
  File "C:\Users\User\Desktop\projects\django_sem1\venv\Lib\site-packages\django\db\models\base.py", line 1067, in _save_table
    results = self._do_insert(
              ^^^^^^^^^^^^^^^^
  File "C:\Users\User\Desktop\projects\django_sem1\venv\Lib\site-packages\django\db\models\base.py", line 1108, in _do_insert
    return manager._insert(
           ^^^^^^^^^^^^^^^^
  File "C:\Users\User\Desktop\projects\django_sem1\venv\Lib\site-packages\django\db\models\manager.py", line 87, in manager_method
    return getattr(self.get_queryset(), name)(*args, **kwargs)
           ^^^^^^^^^^^^^^^^^^^^^^^^^^^^^^^^^^^^^^^^^^^^^^^^^^^
  File "C:\Users\User\Desktop\projects\django_sem1\venv\Lib\site-packages\django\db\models\query.py", line 1845, in _insert
    return query.get_compiler(using=using).execute_sql(returning_fields)
           ^^^^^^^^^^^^^^^^^^^^^^^^^^^^^^^^^^^^^^^^^^^^^^^^^^^^^^^^^^^^^
  File "C:\Users\User\Desktop\projects\django_sem1\venv\Lib\site-packages\django\db\models\sql\compiler.py", line 1823, in execute_sql
    cursor.execute(sql, params)
  File "C:\Users\User\Desktop\projects\django_sem1\venv\Lib\site-packages\django\db\backends\utils.py", line 122, in execute
    return super().execute(sql, params)
           ^^^^^^^^^^^^^^^^^^^^^^^^^^^^
  File "C:\Users\User\Desktop\projects\django_sem1\venv\Lib\site-packages\django\db\backends\utils.py", line 79, in execute
    return self._execute_with_wrappers(
           ^^^^^^^^^^^^^^^^^^^^^^^^^^^^
  File "C:\Users\User\Desktop\projects\django_sem1\venv\Lib\site-packages\django\db\backends\utils.py", line 92, in _execute_with_wrappers
    return executor(sql, params, many, context)
           ^^^^^^^^^^^^^^^^^^^^^^^^^^^^^^^^^^^^
  File "C:\Users\User\Desktop\projects\django_sem1\venv\Lib\site-packages\django\db\backends\utils.py", line 100, in _execute
    with self.db.wrap_database_errors:
  File "C:\Users\User\Desktop\projects\django_sem1\venv\Lib\site-packages\django\db\utils.py", line 91, in __exit__
    raise dj_exc_value.with_traceback(traceback) from exc_value
  File "C:\Users\User\Desktop\projects\django_sem1\venv\Lib\site-packages\django\db\backends\utils.py", line 105, in _execute
    return self.cursor.execute(sql, params)
           ^^^^^^^^^^^^^^^^^^^^^^^^^^^^^^^^
  File "C:\Users\User\Desktop\projects\django_sem1\venv\Lib\site-packages\django\db\backends\sqlite3\base.py", line 328, in execute
    return super().execute(query, params)
           ^^^^^^^^^^^^^^^^^^^^^^^^^^^^^^
django.db.utils.OperationalError: table twoapp_client has no column named address
ERROR 2024-01-02 21:55:45,373 basehttp 20456 9772 "POST /twoapp/ HTTP/1.1" 500 166235
INFO 2024-01-02 21:58:26,950 autoreload 20324 14084 Watching for file changes with StatReloader
INFO 2024-01-02 21:58:34,598 basehttp 20324 16084 "POST /twoapp/ HTTP/1.1" 302 0
INFO 2024-01-02 21:58:34,613 basehttp 20324 16084 "GET /twoapp/ HTTP/1.1" 200 918
INFO 2024-01-02 22:01:12,660 basehttp 20324 16084 "GET /admin HTTP/1.1" 301 0
INFO 2024-01-02 22:01:12,670 basehttp 20324 16788 "GET /admin/ HTTP/1.1" 302 0
INFO 2024-01-02 22:01:12,700 basehttp 20324 16788 "GET /admin/login/?next=/admin/ HTTP/1.1" 200 4359
INFO 2024-01-02 22:01:13,405 basehttp 20324 16788 "GET /static/admin/css/base.css HTTP/1.1" 200 21544
INFO 2024-01-02 22:01:13,409 basehttp 20324 16788 "GET /static/admin/js/nav_sidebar.js HTTP/1.1" 200 3063
INFO 2024-01-02 22:01:13,419 basehttp 20324 16644 "GET /static/admin/css/login.css HTTP/1.1" 200 958
INFO 2024-01-02 22:01:13,426 basehttp 20324 19440 "GET /static/admin/css/dark_mode.css HTTP/1.1" 200 2682
INFO 2024-01-02 22:01:13,428 basehttp 20324 15288 "GET /static/admin/css/nav_sidebar.css HTTP/1.1" 200 2810
INFO 2024-01-02 22:01:13,429 basehttp 20324 904 "GET /static/admin/css/responsive.css HTTP/1.1" 200 17905
INFO 2024-01-02 22:01:13,429 basehttp 20324 5620 "GET /static/admin/js/theme.js HTTP/1.1" 200 1943
INFO 2024-01-02 22:01:25,703 basehttp 20324 5620 "POST /admin/login/?next=/admin/ HTTP/1.1" 302 0
INFO 2024-01-02 22:01:25,719 basehttp 20324 5620 "GET /admin/ HTTP/1.1" 200 5943
INFO 2024-01-02 22:01:25,734 basehttp 20324 5620 "GET /static/admin/css/dashboard.css HTTP/1.1" 200 441
INFO 2024-01-02 22:01:25,747 basehttp 20324 904 "GET /static/admin/img/icon-changelink.svg HTTP/1.1" 200 380
INFO 2024-01-02 22:01:25,747 basehttp 20324 5620 "GET /static/admin/img/icon-addlink.svg HTTP/1.1" 200 331
INFO 2024-01-02 22:01:31,524 basehttp 20324 5620 "GET /admin/auth/user/ HTTP/1.1" 200 11898
INFO 2024-01-02 22:01:32,168 basehttp 20324 5620 "GET /static/admin/css/changelists.css HTTP/1.1" 200 6811
INFO 2024-01-02 22:01:32,196 basehttp 20324 15288 "GET /static/admin/js/jquery.init.js HTTP/1.1" 200 347
INFO 2024-01-02 22:01:32,196 basehttp 20324 16788 "GET /static/admin/js/actions.js HTTP/1.1" 200 8067
INFO 2024-01-02 22:01:32,196 basehttp 20324 19440 "GET /static/admin/js/core.js HTTP/1.1" 200 6208
INFO 2024-01-02 22:01:32,203 basehttp 20324 16644 "GET /static/admin/js/admin/RelatedObjectLookups.js HTTP/1.1" 200 9042
INFO 2024-01-02 22:01:32,207 basehttp 20324 16788 "GET /static/admin/js/prepopulate.js HTTP/1.1" 200 1531
INFO 2024-01-02 22:01:32,208 basehttp 20324 15288 "GET /static/admin/js/urlify.js HTTP/1.1" 200 7887
INFO 2024-01-02 22:01:32,210 basehttp 20324 16644 "GET /static/admin/img/search.svg HTTP/1.1" 200 458
INFO 2024-01-02 22:01:32,213 basehttp 20324 16788 "GET /static/admin/img/icon-yes.svg HTTP/1.1" 200 436
INFO 2024-01-02 22:01:32,214 basehttp 20324 5620 "GET /admin/jsi18n/ HTTP/1.1" 200 17546
INFO 2024-01-02 22:01:32,218 basehttp 20324 904 "GET /static/admin/js/vendor/jquery/jquery.js HTTP/1.1" 200 285314
INFO 2024-01-02 22:01:32,220 basehttp 20324 19440 "GET /static/admin/js/vendor/xregexp/xregexp.js HTTP/1.1" 200 325171
INFO 2024-01-02 22:01:32,223 basehttp 20324 19440 "GET /static/admin/js/filters.js HTTP/1.1" 200 978
INFO 2024-01-02 22:01:32,241 basehttp 20324 19440 "GET /static/admin/img/tooltag-add.svg HTTP/1.1" 200 331
INFO 2024-01-02 22:01:32,253 basehttp 20324 904 "GET /static/admin/img/icon-viewlink.svg HTTP/1.1" 200 581
INFO 2024-01-02 22:01:32,253 basehttp 20324 19440 "GET /static/admin/img/sorting-icons.svg HTTP/1.1" 200 1097
INFO 2024-01-02 22:01:35,249 basehttp 20324 19440 "GET /admin/auth/group/ HTTP/1.1" 200 7782
INFO 2024-01-02 22:01:35,272 basehttp 20324 19440 "GET /admin/jsi18n/ HTTP/1.1" 200 17546
INFO 2024-01-02 22:01:36,223 basehttp 20324 19440 "GET /admin/auth/user/ HTTP/1.1" 200 11898
INFO 2024-01-02 22:01:36,833 basehttp 20324 19440 "GET /admin/jsi18n/ HTTP/1.1" 200 17546
INFO 2024-01-02 22:01:40,967 basehttp 20324 19440 "GET /admin/auth/user/1/change/ HTTP/1.1" 200 23490
INFO 2024-01-02 22:01:40,981 basehttp 20324 19440 "GET /static/admin/css/forms.css HTTP/1.1" 200 9090
INFO 2024-01-02 22:01:40,993 basehttp 20324 15288 "GET /static/admin/js/prepopulate_init.js HTTP/1.1" 200 586
INFO 2024-01-02 22:01:40,993 basehttp 20324 5620 "GET /static/admin/js/SelectBox.js HTTP/1.1" 200 4530
INFO 2024-01-02 22:01:40,993 basehttp 20324 16788 "GET /static/admin/js/admin/DateTimeShortcuts.js HTTP/1.1" 200 19319
INFO 2024-01-02 22:01:40,993 basehttp 20324 904 "GET /admin/jsi18n/ HTTP/1.1" 200 17546
INFO 2024-01-02 22:01:40,995 basehttp 20324 19440 "GET /static/admin/js/calendar.js HTTP/1.1" 200 9141
INFO 2024-01-02 22:01:40,996 basehttp 20324 16644 "GET /static/admin/js/SelectFilter2.js HTTP/1.1" 200 15492
INFO 2024-01-02 22:01:40,999 basehttp 20324 5620 "GET /static/admin/css/widgets.css HTTP/1.1" 200 11800
INFO 2024-01-02 22:01:41,005 basehttp 20324 5620 "GET /static/admin/js/change_form.js HTTP/1.1" 200 606
INFO 2024-01-02 22:01:41,056 basehttp 20324 904 "GET /static/admin/img/icon-calendar.svg HTTP/1.1" 200 1086
INFO 2024-01-02 22:01:41,058 basehttp 20324 16644 "GET /static/admin/img/selector-icons.svg HTTP/1.1" 200 3291
INFO 2024-01-02 22:01:41,059 basehttp 20324 5620 "GET /static/admin/img/icon-unknown.svg HTTP/1.1" 200 655
INFO 2024-01-02 22:01:41,059 basehttp 20324 15288 "GET /static/admin/img/icon-clock.svg HTTP/1.1" 200 677
INFO 2024-01-02 22:01:41,060 basehttp 20324 19440 "GET /static/admin/img/icon-unknown-alt.svg HTTP/1.1" 200 655
INFO 2024-01-02 22:04:24,784 autoreload 20324 14084 C:\Users\User\Desktop\projects\django_sem1\twoapp\admin.py changed, reloading.
INFO 2024-01-02 22:04:25,243 autoreload 13992 1172 Watching for file changes with StatReloader
INFO 2024-01-02 22:04:26,354 basehttp 13992 9748 "GET /admin/auth/user/ HTTP/1.1" 200 12440
INFO 2024-01-02 22:04:26,967 basehttp 13992 9748 "GET /admin/jsi18n/ HTTP/1.1" 200 17546
INFO 2024-01-02 22:04:49,696 basehttp 13992 9748 "GET /admin/twoapp/client/ HTTP/1.1" 200 9938
INFO 2024-01-02 22:04:49,715 basehttp 13992 9748 "GET /admin/jsi18n/ HTTP/1.1" 200 17546
INFO 2024-01-02 22:05:18,276 autoreload 13992 1172 C:\Users\User\Desktop\projects\django_sem1\twoapp\admin.py changed, reloading.
INFO 2024-01-02 22:05:18,749 autoreload 14020 22916 Watching for file changes with StatReloader
INFO 2024-01-02 22:05:27,380 basehttp 14020 16292 "GET /admin/twoapp/client/1/change/ HTTP/1.1" 200 10465
INFO 2024-01-02 22:05:27,969 basehttp 14020 16292 "GET /admin/jsi18n/ HTTP/1.1" 200 17546
INFO 2024-01-02 22:05:39,664 basehttp 14020 16292 "GET /admin/twoapp/client/ HTTP/1.1" 200 9938
INFO 2024-01-02 22:05:39,683 basehttp 14020 16292 "GET /admin/jsi18n/ HTTP/1.1" 200 17546
INFO 2024-01-02 22:07:38,184 autoreload 21612 17076 Watching for file changes with StatReloader
INFO 2024-01-02 22:08:05,229 basehttp 21612 7948 "GET /admin/twoapp/client/ HTTP/1.1" 200 9983
INFO 2024-01-02 22:08:05,248 basehttp 21612 7948 "GET /admin/jsi18n/ HTTP/1.1" 200 17546
INFO 2024-01-02 22:08:09,771 basehttp 21612 7948 "GET /admin/twoapp/client/1/change/ HTTP/1.1" 200 10465
INFO 2024-01-02 22:08:10,369 basehttp 21612 7948 "GET /admin/jsi18n/ HTTP/1.1" 200 17546
INFO 2024-01-02 22:08:12,664 basehttp 21612 7948 "GET /admin/twoapp/client/ HTTP/1.1" 200 9983
INFO 2024-01-02 22:08:14,367 basehttp 21612 7948 "GET /admin/twoapp/client/1/change/ HTTP/1.1" 200 10465
INFO 2024-01-02 22:08:14,386 basehttp 21612 7948 "GET /admin/jsi18n/ HTTP/1.1" 200 17546
INFO 2024-01-02 22:09:38,955 autoreload 23172 12752 Watching for file changes with StatReloader
INFO 2024-01-02 22:09:48,533 basehttp 23172 20680 "GET /admin/twoapp/client/1/change/ HTTP/1.1" 200 11071
INFO 2024-01-02 22:09:48,554 basehttp 23172 20680 "GET /admin/jsi18n/ HTTP/1.1" 200 17546
INFO 2024-01-02 22:09:51,758 basehttp 23172 20680 "GET /admin/twoapp/product/ HTTP/1.1" 200 8554
INFO 2024-01-02 22:09:52,341 basehttp 23172 20680 "GET /admin/jsi18n/ HTTP/1.1" 200 17546
INFO 2024-01-02 22:09:54,326 basehttp 23172 20680 "GET /admin/twoapp/product/add/ HTTP/1.1" 200 11289
INFO 2024-01-02 22:09:54,346 basehttp 23172 20680 "GET /admin/jsi18n/ HTTP/1.1" 200 17546
INFO 2024-01-02 22:10:09,484 basehttp 23172 20680 "POST /admin/twoapp/product/add/ HTTP/1.1" 302 0
INFO 2024-01-02 22:10:09,501 basehttp 23172 20680 "GET /admin/twoapp/product/ HTTP/1.1" 200 10907
INFO 2024-01-02 22:10:10,082 basehttp 23172 20680 "GET /admin/jsi18n/ HTTP/1.1" 200 17546
INFO 2024-01-02 22:10:19,301 basehttp 23172 20680 "GET /admin/twoapp/order/ HTTP/1.1" 200 8540
INFO 2024-01-02 22:10:19,320 basehttp 23172 20680 "GET /admin/jsi18n/ HTTP/1.1" 200 17546
INFO 2024-01-02 22:10:25,154 basehttp 23172 20680 "GET /admin/twoapp/order/add/ HTTP/1.1" 200 13058
INFO 2024-01-02 22:10:25,747 basehttp 23172 20680 "GET /admin/jsi18n/ HTTP/1.1" 200 17546
INFO 2024-01-02 22:12:02,231 autoreload 11960 2828 Watching for file changes with StatReloader
INFO 2024-01-02 22:14:22,034 autoreload 9768 20576 Watching for file changes with StatReloader
INFO 2024-01-02 22:17:20,206 autoreload 22108 11240 Watching for file changes with StatReloader
INFO 2024-01-02 22:18:55,774 autoreload 22108 11240 C:\Users\User\Desktop\projects\django_sem1\twoapp\models.py changed, reloading.
INFO 2024-01-02 22:18:56,178 autoreload 7668 10272 Watching for file changes with StatReloader
INFO 2024-01-02 22:19:12,635 autoreload 7668 10272 C:\Users\User\Desktop\projects\django_sem1\twoapp\admin.py changed, reloading.
INFO 2024-01-02 22:19:13,047 autoreload 2836 14972 Watching for file changes with StatReloader
INFO 2024-01-02 22:20:12,078 autoreload 8632 10336 Watching for file changes with StatReloader
INFO 2024-01-02 22:20:27,831 autoreload 20428 23304 Watching for file changes with StatReloader
INFO 2024-01-02 22:20:45,044 autoreload 18628 13608 Watching for file changes with StatReloader
INFO 2024-01-02 22:20:53,295 basehttp 18628 13812 "GET /admin/twoapp/order/add/ HTTP/1.1" 200 15764
INFO 2024-01-02 22:20:53,316 basehttp 18628 2408 "GET /admin/jsi18n/ HTTP/1.1" 200 17546
INFO 2024-01-02 22:20:53,343 basehttp 18628 13812 "GET /static/admin/js/inlines.js HTTP/1.1" 200 15526
INFO 2024-01-02 22:20:53,385 basehttp 18628 13812 "GET /static/admin/img/inline-delete.svg HTTP/1.1" 200 560
INFO 2024-01-02 22:21:47,800 basehttp 18628 13812 "POST /admin/twoapp/order/add/ HTTP/1.1" 200 17575
INFO 2024-01-02 22:21:47,823 basehttp 18628 13812 "GET /admin/jsi18n/ HTTP/1.1" 200 17546
ERROR 2024-01-02 22:22:04,706 log 18628 13812 Internal Server Error: /admin/twoapp/order/add/
Traceback (most recent call last):
  File "C:\Users\User\Desktop\projects\django_sem1\venv\Lib\site-packages\django\core\handlers\exception.py", line 55, in inner
    response = get_response(request)
               ^^^^^^^^^^^^^^^^^^^^^
  File "C:\Users\User\Desktop\projects\django_sem1\venv\Lib\site-packages\django\core\handlers\base.py", line 197, in _get_response
    response = wrapped_callback(request, *callback_args, **callback_kwargs)
               ^^^^^^^^^^^^^^^^^^^^^^^^^^^^^^^^^^^^^^^^^^^^^^^^^^^^^^^^^^^^
  File "C:\Users\User\Desktop\projects\django_sem1\venv\Lib\site-packages\django\contrib\admin\options.py", line 714, in wrapper
    return self.admin_site.admin_view(view)(*args, **kwargs)
           ^^^^^^^^^^^^^^^^^^^^^^^^^^^^^^^^^^^^^^^^^^^^^^^^^
  File "C:\Users\User\Desktop\projects\django_sem1\venv\Lib\site-packages\django\utils\decorators.py", line 188, in _view_wrapper
    result = _process_exception(request, e)
             ^^^^^^^^^^^^^^^^^^^^^^^^^^^^^^
  File "C:\Users\User\Desktop\projects\django_sem1\venv\Lib\site-packages\django\utils\decorators.py", line 186, in _view_wrapper
    response = view_func(request, *args, **kwargs)
               ^^^^^^^^^^^^^^^^^^^^^^^^^^^^^^^^^^^
  File "C:\Users\User\Desktop\projects\django_sem1\venv\Lib\site-packages\django\views\decorators\cache.py", line 80, in _view_wrapper
    response = view_func(request, *args, **kwargs)
               ^^^^^^^^^^^^^^^^^^^^^^^^^^^^^^^^^^^
  File "C:\Users\User\Desktop\projects\django_sem1\venv\Lib\site-packages\django\contrib\admin\sites.py", line 240, in inner
    return view(request, *args, **kwargs)
           ^^^^^^^^^^^^^^^^^^^^^^^^^^^^^^
  File "C:\Users\User\Desktop\projects\django_sem1\venv\Lib\site-packages\django\contrib\admin\options.py", line 1941, in add_view
    return self.changeform_view(request, None, form_url, extra_context)
           ^^^^^^^^^^^^^^^^^^^^^^^^^^^^^^^^^^^^^^^^^^^^^^^^^^^^^^^^^^^^
  File "C:\Users\User\Desktop\projects\django_sem1\venv\Lib\site-packages\django\utils\decorators.py", line 48, in _wrapper
    return bound_method(*args, **kwargs)
           ^^^^^^^^^^^^^^^^^^^^^^^^^^^^^
  File "C:\Users\User\Desktop\projects\django_sem1\venv\Lib\site-packages\django\utils\decorators.py", line 188, in _view_wrapper
    result = _process_exception(request, e)
             ^^^^^^^^^^^^^^^^^^^^^^^^^^^^^^
  File "C:\Users\User\Desktop\projects\django_sem1\venv\Lib\site-packages\django\utils\decorators.py", line 186, in _view_wrapper
    response = view_func(request, *args, **kwargs)
               ^^^^^^^^^^^^^^^^^^^^^^^^^^^^^^^^^^^
  File "C:\Users\User\Desktop\projects\django_sem1\venv\Lib\site-packages\django\contrib\admin\options.py", line 1802, in changeform_view
    return self._changeform_view(request, object_id, form_url, extra_context)
           ^^^^^^^^^^^^^^^^^^^^^^^^^^^^^^^^^^^^^^^^^^^^^^^^^^^^^^^^^^^^^^^^^^
  File "C:\Users\User\Desktop\projects\django_sem1\venv\Lib\site-packages\django\contrib\admin\options.py", line 1859, in _changeform_view
    self.log_addition(request, new_object, change_message)
  File "C:\Users\User\Desktop\projects\django_sem1\venv\Lib\site-packages\django\contrib\admin\options.py", line 952, in log_addition
    object_repr=str(obj),
                ^^^^^^^^
TypeError: __str__ returned non-string (type int)
ERROR 2024-01-02 22:22:04,708 basehttp 18628 13812 "POST /admin/twoapp/order/add/ HTTP/1.1" 500 132742
INFO 2024-01-02 22:22:37,666 autoreload 4200 7040 Watching for file changes with StatReloader
INFO 2024-01-02 22:22:42,937 basehttp 4200 19244 "POST /admin/twoapp/order/add/ HTTP/1.1" 302 0
INFO 2024-01-02 22:22:42,979 basehttp 4200 19244 "GET /admin/twoapp/order/ HTTP/1.1" 200 10492
INFO 2024-01-02 22:22:43,017 basehttp 4200 19244 "GET /admin/jsi18n/ HTTP/1.1" 200 17546
INFO 2024-01-02 22:22:51,766 basehttp 4200 19244 "GET /admin/twoapp/order/1/change/ HTTP/1.1" 200 19434
INFO 2024-01-02 22:22:51,788 basehttp 4200 19244 "GET /admin/jsi18n/ HTTP/1.1" 200 17546
INFO 2024-01-02 22:22:57,257 basehttp 4200 19244 "GET /admin/twoapp/client/ HTTP/1.1" 200 10589
INFO 2024-01-02 22:22:57,851 basehttp 4200 19244 "GET /admin/jsi18n/ HTTP/1.1" 200 17546
INFO 2024-01-02 22:22:59,648 basehttp 4200 19244 "GET /admin/twoapp/product/ HTTP/1.1" 200 11207
INFO 2024-01-02 22:22:59,666 basehttp 4200 19244 "GET /admin/jsi18n/ HTTP/1.1" 200 17546
INFO 2024-01-02 22:23:22,047 basehttp 4200 19244 "GET /admin/twoapp/product/add/ HTTP/1.1" 200 13071
INFO 2024-01-02 22:23:22,632 basehttp 4200 19244 "GET /admin/jsi18n/ HTTP/1.1" 200 17546
INFO 2024-01-02 22:26:28,001 autoreload 21712 17180 Watching for file changes with StatReloader
INFO 2024-01-02 22:26:36,412 basehttp 21712 14808 "GET /admin/twoapp/order/ HTTP/1.1" 200 10293
INFO 2024-01-02 22:26:36,436 basehttp 21712 14808 "GET /admin/jsi18n/ HTTP/1.1" 200 17546
ERROR 2024-01-02 22:26:38,351 log 21712 14808 Internal Server Error: /admin/twoapp/order/1/change/
Traceback (most recent call last):
  File "C:\Users\User\Desktop\projects\django_sem1\venv\Lib\site-packages\django\contrib\admin\options.py", line 835, in get_form
    return modelform_factory(self.model, **defaults)
           ^^^^^^^^^^^^^^^^^^^^^^^^^^^^^^^^^^^^^^^^^
  File "C:\Users\User\Desktop\projects\django_sem1\venv\Lib\site-packages\django\forms\models.py", line 651, in modelform_factory
    return type(form)(class_name, (form,), form_class_attrs)
           ^^^^^^^^^^^^^^^^^^^^^^^^^^^^^^^^^^^^^^^^^^^^^^^^^
  File "C:\Users\User\Desktop\projects\django_sem1\venv\Lib\site-packages\django\forms\models.py", line 331, in __new__
    raise FieldError(message)
django.core.exceptions.FieldError: Unknown field(s) (description) specified for Order

During handling of the above exception, another exception occurred:

Traceback (most recent call last):
  File "C:\Users\User\Desktop\projects\django_sem1\venv\Lib\site-packages\django\core\handlers\exception.py", line 55, in inner
    response = get_response(request)
               ^^^^^^^^^^^^^^^^^^^^^
  File "C:\Users\User\Desktop\projects\django_sem1\venv\Lib\site-packages\django\core\handlers\base.py", line 197, in _get_response
    response = wrapped_callback(request, *callback_args, **callback_kwargs)
               ^^^^^^^^^^^^^^^^^^^^^^^^^^^^^^^^^^^^^^^^^^^^^^^^^^^^^^^^^^^^
  File "C:\Users\User\Desktop\projects\django_sem1\venv\Lib\site-packages\django\contrib\admin\options.py", line 714, in wrapper
    return self.admin_site.admin_view(view)(*args, **kwargs)
           ^^^^^^^^^^^^^^^^^^^^^^^^^^^^^^^^^^^^^^^^^^^^^^^^^
  File "C:\Users\User\Desktop\projects\django_sem1\venv\Lib\site-packages\django\utils\decorators.py", line 188, in _view_wrapper
    result = _process_exception(request, e)
             ^^^^^^^^^^^^^^^^^^^^^^^^^^^^^^
  File "C:\Users\User\Desktop\projects\django_sem1\venv\Lib\site-packages\django\utils\decorators.py", line 186, in _view_wrapper
    response = view_func(request, *args, **kwargs)
               ^^^^^^^^^^^^^^^^^^^^^^^^^^^^^^^^^^^
  File "C:\Users\User\Desktop\projects\django_sem1\venv\Lib\site-packages\django\views\decorators\cache.py", line 80, in _view_wrapper
    response = view_func(request, *args, **kwargs)
               ^^^^^^^^^^^^^^^^^^^^^^^^^^^^^^^^^^^
  File "C:\Users\User\Desktop\projects\django_sem1\venv\Lib\site-packages\django\contrib\admin\sites.py", line 240, in inner
    return view(request, *args, **kwargs)
           ^^^^^^^^^^^^^^^^^^^^^^^^^^^^^^
  File "C:\Users\User\Desktop\projects\django_sem1\venv\Lib\site-packages\django\contrib\admin\options.py", line 1944, in change_view
    return self.changeform_view(request, object_id, form_url, extra_context)
           ^^^^^^^^^^^^^^^^^^^^^^^^^^^^^^^^^^^^^^^^^^^^^^^^^^^^^^^^^^^^^^^^^
  File "C:\Users\User\Desktop\projects\django_sem1\venv\Lib\site-packages\django\utils\decorators.py", line 48, in _wrapper
    return bound_method(*args, **kwargs)
           ^^^^^^^^^^^^^^^^^^^^^^^^^^^^^
  File "C:\Users\User\Desktop\projects\django_sem1\venv\Lib\site-packages\django\utils\decorators.py", line 188, in _view_wrapper
    result = _process_exception(request, e)
             ^^^^^^^^^^^^^^^^^^^^^^^^^^^^^^
  File "C:\Users\User\Desktop\projects\django_sem1\venv\Lib\site-packages\django\utils\decorators.py", line 186, in _view_wrapper
    response = view_func(request, *args, **kwargs)
               ^^^^^^^^^^^^^^^^^^^^^^^^^^^^^^^^^^^
  File "C:\Users\User\Desktop\projects\django_sem1\venv\Lib\site-packages\django\contrib\admin\options.py", line 1802, in changeform_view
    return self._changeform_view(request, object_id, form_url, extra_context)
           ^^^^^^^^^^^^^^^^^^^^^^^^^^^^^^^^^^^^^^^^^^^^^^^^^^^^^^^^^^^^^^^^^^
  File "C:\Users\User\Desktop\projects\django_sem1\venv\Lib\site-packages\django\contrib\admin\options.py", line 1837, in _changeform_view
    ModelForm = self.get_form(
                ^^^^^^^^^^^^^^
  File "C:\Users\User\Desktop\projects\django_sem1\venv\Lib\site-packages\django\contrib\admin\options.py", line 837, in get_form
    raise FieldError(
django.core.exceptions.FieldError: Unknown field(s) (description) specified for Order. Check fields/fieldsets/exclude attributes of class OrderAdmin.
ERROR 2024-01-02 22:26:38,358 basehttp 21712 14808 "GET /admin/twoapp/order/1/change/ HTTP/1.1" 500 148008
INFO 2024-01-02 22:27:45,007 autoreload 23472 20860 Watching for file changes with StatReloader
ERROR 2024-01-02 22:27:49,944 log 23472 18628 Internal Server Error: /admin/twoapp/order/1/change/
Traceback (most recent call last):
  File "C:\Users\User\Desktop\projects\django_sem1\venv\Lib\site-packages\django\contrib\admin\options.py", line 835, in get_form
    return modelform_factory(self.model, **defaults)
           ^^^^^^^^^^^^^^^^^^^^^^^^^^^^^^^^^^^^^^^^^
  File "C:\Users\User\Desktop\projects\django_sem1\venv\Lib\site-packages\django\forms\models.py", line 651, in modelform_factory
    return type(form)(class_name, (form,), form_class_attrs)
           ^^^^^^^^^^^^^^^^^^^^^^^^^^^^^^^^^^^^^^^^^^^^^^^^^
  File "C:\Users\User\Desktop\projects\django_sem1\venv\Lib\site-packages\django\forms\models.py", line 331, in __new__
    raise FieldError(message)
django.core.exceptions.FieldError: Unknown field(s) (description) specified for Order

During handling of the above exception, another exception occurred:

Traceback (most recent call last):
  File "C:\Users\User\Desktop\projects\django_sem1\venv\Lib\site-packages\django\core\handlers\exception.py", line 55, in inner
    response = get_response(request)
               ^^^^^^^^^^^^^^^^^^^^^
  File "C:\Users\User\Desktop\projects\django_sem1\venv\Lib\site-packages\django\core\handlers\base.py", line 197, in _get_response
    response = wrapped_callback(request, *callback_args, **callback_kwargs)
               ^^^^^^^^^^^^^^^^^^^^^^^^^^^^^^^^^^^^^^^^^^^^^^^^^^^^^^^^^^^^
  File "C:\Users\User\Desktop\projects\django_sem1\venv\Lib\site-packages\django\contrib\admin\options.py", line 714, in wrapper
    return self.admin_site.admin_view(view)(*args, **kwargs)
           ^^^^^^^^^^^^^^^^^^^^^^^^^^^^^^^^^^^^^^^^^^^^^^^^^
  File "C:\Users\User\Desktop\projects\django_sem1\venv\Lib\site-packages\django\utils\decorators.py", line 188, in _view_wrapper
    result = _process_exception(request, e)
             ^^^^^^^^^^^^^^^^^^^^^^^^^^^^^^
  File "C:\Users\User\Desktop\projects\django_sem1\venv\Lib\site-packages\django\utils\decorators.py", line 186, in _view_wrapper
    response = view_func(request, *args, **kwargs)
               ^^^^^^^^^^^^^^^^^^^^^^^^^^^^^^^^^^^
  File "C:\Users\User\Desktop\projects\django_sem1\venv\Lib\site-packages\django\views\decorators\cache.py", line 80, in _view_wrapper
    response = view_func(request, *args, **kwargs)
               ^^^^^^^^^^^^^^^^^^^^^^^^^^^^^^^^^^^
  File "C:\Users\User\Desktop\projects\django_sem1\venv\Lib\site-packages\django\contrib\admin\sites.py", line 240, in inner
    return view(request, *args, **kwargs)
           ^^^^^^^^^^^^^^^^^^^^^^^^^^^^^^
  File "C:\Users\User\Desktop\projects\django_sem1\venv\Lib\site-packages\django\contrib\admin\options.py", line 1944, in change_view
    return self.changeform_view(request, object_id, form_url, extra_context)
           ^^^^^^^^^^^^^^^^^^^^^^^^^^^^^^^^^^^^^^^^^^^^^^^^^^^^^^^^^^^^^^^^^
  File "C:\Users\User\Desktop\projects\django_sem1\venv\Lib\site-packages\django\utils\decorators.py", line 48, in _wrapper
    return bound_method(*args, **kwargs)
           ^^^^^^^^^^^^^^^^^^^^^^^^^^^^^
  File "C:\Users\User\Desktop\projects\django_sem1\venv\Lib\site-packages\django\utils\decorators.py", line 188, in _view_wrapper
    result = _process_exception(request, e)
             ^^^^^^^^^^^^^^^^^^^^^^^^^^^^^^
  File "C:\Users\User\Desktop\projects\django_sem1\venv\Lib\site-packages\django\utils\decorators.py", line 186, in _view_wrapper
    response = view_func(request, *args, **kwargs)
               ^^^^^^^^^^^^^^^^^^^^^^^^^^^^^^^^^^^
  File "C:\Users\User\Desktop\projects\django_sem1\venv\Lib\site-packages\django\contrib\admin\options.py", line 1802, in changeform_view
    return self._changeform_view(request, object_id, form_url, extra_context)
           ^^^^^^^^^^^^^^^^^^^^^^^^^^^^^^^^^^^^^^^^^^^^^^^^^^^^^^^^^^^^^^^^^^
  File "C:\Users\User\Desktop\projects\django_sem1\venv\Lib\site-packages\django\contrib\admin\options.py", line 1837, in _changeform_view
    ModelForm = self.get_form(
                ^^^^^^^^^^^^^^
  File "C:\Users\User\Desktop\projects\django_sem1\venv\Lib\site-packages\django\contrib\admin\options.py", line 837, in get_form
    raise FieldError(
django.core.exceptions.FieldError: Unknown field(s) (description) specified for Order. Check fields/fieldsets/exclude attributes of class OrderAdmin.
ERROR 2024-01-02 22:27:49,952 basehttp 23472 18628 "GET /admin/twoapp/order/1/change/ HTTP/1.1" 500 148380
ERROR 2024-01-02 22:27:53,837 log 23472 18628 Internal Server Error: /admin/twoapp/order/1/change/
Traceback (most recent call last):
  File "C:\Users\User\Desktop\projects\django_sem1\venv\Lib\site-packages\django\contrib\admin\options.py", line 835, in get_form
    return modelform_factory(self.model, **defaults)
           ^^^^^^^^^^^^^^^^^^^^^^^^^^^^^^^^^^^^^^^^^
  File "C:\Users\User\Desktop\projects\django_sem1\venv\Lib\site-packages\django\forms\models.py", line 651, in modelform_factory
    return type(form)(class_name, (form,), form_class_attrs)
           ^^^^^^^^^^^^^^^^^^^^^^^^^^^^^^^^^^^^^^^^^^^^^^^^^
  File "C:\Users\User\Desktop\projects\django_sem1\venv\Lib\site-packages\django\forms\models.py", line 331, in __new__
    raise FieldError(message)
django.core.exceptions.FieldError: Unknown field(s) (description) specified for Order

During handling of the above exception, another exception occurred:

Traceback (most recent call last):
  File "C:\Users\User\Desktop\projects\django_sem1\venv\Lib\site-packages\django\core\handlers\exception.py", line 55, in inner
    response = get_response(request)
               ^^^^^^^^^^^^^^^^^^^^^
  File "C:\Users\User\Desktop\projects\django_sem1\venv\Lib\site-packages\django\core\handlers\base.py", line 197, in _get_response
    response = wrapped_callback(request, *callback_args, **callback_kwargs)
               ^^^^^^^^^^^^^^^^^^^^^^^^^^^^^^^^^^^^^^^^^^^^^^^^^^^^^^^^^^^^
  File "C:\Users\User\Desktop\projects\django_sem1\venv\Lib\site-packages\django\contrib\admin\options.py", line 714, in wrapper
    return self.admin_site.admin_view(view)(*args, **kwargs)
           ^^^^^^^^^^^^^^^^^^^^^^^^^^^^^^^^^^^^^^^^^^^^^^^^^
  File "C:\Users\User\Desktop\projects\django_sem1\venv\Lib\site-packages\django\utils\decorators.py", line 188, in _view_wrapper
    result = _process_exception(request, e)
             ^^^^^^^^^^^^^^^^^^^^^^^^^^^^^^
  File "C:\Users\User\Desktop\projects\django_sem1\venv\Lib\site-packages\django\utils\decorators.py", line 186, in _view_wrapper
    response = view_func(request, *args, **kwargs)
               ^^^^^^^^^^^^^^^^^^^^^^^^^^^^^^^^^^^
  File "C:\Users\User\Desktop\projects\django_sem1\venv\Lib\site-packages\django\views\decorators\cache.py", line 80, in _view_wrapper
    response = view_func(request, *args, **kwargs)
               ^^^^^^^^^^^^^^^^^^^^^^^^^^^^^^^^^^^
  File "C:\Users\User\Desktop\projects\django_sem1\venv\Lib\site-packages\django\contrib\admin\sites.py", line 240, in inner
    return view(request, *args, **kwargs)
           ^^^^^^^^^^^^^^^^^^^^^^^^^^^^^^
  File "C:\Users\User\Desktop\projects\django_sem1\venv\Lib\site-packages\django\contrib\admin\options.py", line 1944, in change_view
    return self.changeform_view(request, object_id, form_url, extra_context)
           ^^^^^^^^^^^^^^^^^^^^^^^^^^^^^^^^^^^^^^^^^^^^^^^^^^^^^^^^^^^^^^^^^
  File "C:\Users\User\Desktop\projects\django_sem1\venv\Lib\site-packages\django\utils\decorators.py", line 48, in _wrapper
    return bound_method(*args, **kwargs)
           ^^^^^^^^^^^^^^^^^^^^^^^^^^^^^
  File "C:\Users\User\Desktop\projects\django_sem1\venv\Lib\site-packages\django\utils\decorators.py", line 188, in _view_wrapper
    result = _process_exception(request, e)
             ^^^^^^^^^^^^^^^^^^^^^^^^^^^^^^
  File "C:\Users\User\Desktop\projects\django_sem1\venv\Lib\site-packages\django\utils\decorators.py", line 186, in _view_wrapper
    response = view_func(request, *args, **kwargs)
               ^^^^^^^^^^^^^^^^^^^^^^^^^^^^^^^^^^^
  File "C:\Users\User\Desktop\projects\django_sem1\venv\Lib\site-packages\django\contrib\admin\options.py", line 1802, in changeform_view
    return self._changeform_view(request, object_id, form_url, extra_context)
           ^^^^^^^^^^^^^^^^^^^^^^^^^^^^^^^^^^^^^^^^^^^^^^^^^^^^^^^^^^^^^^^^^^
  File "C:\Users\User\Desktop\projects\django_sem1\venv\Lib\site-packages\django\contrib\admin\options.py", line 1837, in _changeform_view
    ModelForm = self.get_form(
                ^^^^^^^^^^^^^^
  File "C:\Users\User\Desktop\projects\django_sem1\venv\Lib\site-packages\django\contrib\admin\options.py", line 837, in get_form
    raise FieldError(
django.core.exceptions.FieldError: Unknown field(s) (description) specified for Order. Check fields/fieldsets/exclude attributes of class OrderAdmin.
ERROR 2024-01-02 22:27:53,843 basehttp 23472 18628 "GET /admin/twoapp/order/1/change/ HTTP/1.1" 500 148380
INFO 2024-01-02 22:28:22,583 autoreload 9240 1812 Watching for file changes with StatReloader
INFO 2024-01-02 22:28:26,262 basehttp 9240 21612 "GET /admin/twoapp/order/1/change/ HTTP/1.1" 200 19434
INFO 2024-01-02 22:28:26,301 basehttp 9240 21612 "GET /admin/jsi18n/ HTTP/1.1" 200 17546
INFO 2024-01-02 22:29:16,962 autoreload 15784 12240 Watching for file changes with StatReloader
INFO 2024-01-02 22:29:21,368 basehttp 15784 21896 "GET /admin/twoapp/order/1/change/ HTTP/1.1" 200 19334
INFO 2024-01-02 22:29:21,389 basehttp 15784 21896 "GET /admin/jsi18n/ HTTP/1.1" 200 17546
INFO 2024-01-02 22:29:26,045 basehttp 15784 21896 "GET /admin/twoapp/order/ HTTP/1.1" 200 10293
INFO 2024-01-02 22:29:26,072 basehttp 15784 21896 "GET /admin/jsi18n/ HTTP/1.1" 200 17546
INFO 2024-01-02 22:29:27,773 basehttp 15784 21896 "GET /admin/twoapp/order/add/ HTTP/1.1" 200 15674
INFO 2024-01-02 22:29:28,345 basehttp 15784 21896 "GET /admin/jsi18n/ HTTP/1.1" 200 17546
ERROR 2024-01-02 22:29:44,823 log 15784 21896 Internal Server Error: /admin/twoapp/order/add/
Traceback (most recent call last):
  File "C:\Users\User\Desktop\projects\django_sem1\venv\Lib\site-packages\django\core\handlers\exception.py", line 55, in inner
    response = get_response(request)
               ^^^^^^^^^^^^^^^^^^^^^
  File "C:\Users\User\Desktop\projects\django_sem1\venv\Lib\site-packages\django\core\handlers\base.py", line 197, in _get_response
    response = wrapped_callback(request, *callback_args, **callback_kwargs)
               ^^^^^^^^^^^^^^^^^^^^^^^^^^^^^^^^^^^^^^^^^^^^^^^^^^^^^^^^^^^^
  File "C:\Users\User\Desktop\projects\django_sem1\venv\Lib\site-packages\django\contrib\admin\options.py", line 714, in wrapper
    return self.admin_site.admin_view(view)(*args, **kwargs)
           ^^^^^^^^^^^^^^^^^^^^^^^^^^^^^^^^^^^^^^^^^^^^^^^^^
  File "C:\Users\User\Desktop\projects\django_sem1\venv\Lib\site-packages\django\utils\decorators.py", line 188, in _view_wrapper
    result = _process_exception(request, e)
             ^^^^^^^^^^^^^^^^^^^^^^^^^^^^^^
  File "C:\Users\User\Desktop\projects\django_sem1\venv\Lib\site-packages\django\utils\decorators.py", line 186, in _view_wrapper
    response = view_func(request, *args, **kwargs)
               ^^^^^^^^^^^^^^^^^^^^^^^^^^^^^^^^^^^
  File "C:\Users\User\Desktop\projects\django_sem1\venv\Lib\site-packages\django\views\decorators\cache.py", line 80, in _view_wrapper
    response = view_func(request, *args, **kwargs)
               ^^^^^^^^^^^^^^^^^^^^^^^^^^^^^^^^^^^
  File "C:\Users\User\Desktop\projects\django_sem1\venv\Lib\site-packages\django\contrib\admin\sites.py", line 240, in inner
    return view(request, *args, **kwargs)
           ^^^^^^^^^^^^^^^^^^^^^^^^^^^^^^
  File "C:\Users\User\Desktop\projects\django_sem1\venv\Lib\site-packages\django\contrib\admin\options.py", line 1941, in add_view
    return self.changeform_view(request, None, form_url, extra_context)
           ^^^^^^^^^^^^^^^^^^^^^^^^^^^^^^^^^^^^^^^^^^^^^^^^^^^^^^^^^^^^
  File "C:\Users\User\Desktop\projects\django_sem1\venv\Lib\site-packages\django\utils\decorators.py", line 48, in _wrapper
    return bound_method(*args, **kwargs)
           ^^^^^^^^^^^^^^^^^^^^^^^^^^^^^
  File "C:\Users\User\Desktop\projects\django_sem1\venv\Lib\site-packages\django\utils\decorators.py", line 188, in _view_wrapper
    result = _process_exception(request, e)
             ^^^^^^^^^^^^^^^^^^^^^^^^^^^^^^
  File "C:\Users\User\Desktop\projects\django_sem1\venv\Lib\site-packages\django\utils\decorators.py", line 186, in _view_wrapper
    response = view_func(request, *args, **kwargs)
               ^^^^^^^^^^^^^^^^^^^^^^^^^^^^^^^^^^^
  File "C:\Users\User\Desktop\projects\django_sem1\venv\Lib\site-packages\django\contrib\admin\options.py", line 1802, in changeform_view
    return self._changeform_view(request, object_id, form_url, extra_context)
           ^^^^^^^^^^^^^^^^^^^^^^^^^^^^^^^^^^^^^^^^^^^^^^^^^^^^^^^^^^^^^^^^^^
  File "C:\Users\User\Desktop\projects\django_sem1\venv\Lib\site-packages\django\contrib\admin\options.py", line 1853, in _changeform_view
    self.save_model(request, new_object, form, not add)
  File "C:\Users\User\Desktop\projects\django_sem1\venv\Lib\site-packages\django\contrib\admin\options.py", line 1257, in save_model
    obj.save()
  File "C:\Users\User\Desktop\projects\django_sem1\twoapp\models.py", line 32, in save
    products_total_price = sum(product.price for product in self.products.all())
                                                            ^^^^^^^^^^^^^^^^^^^
  File "C:\Users\User\Desktop\projects\django_sem1\venv\Lib\site-packages\django\db\models\manager.py", line 164, in all
    return self.get_queryset()
           ^^^^^^^^^^^^^^^^^^^
  File "C:\Users\User\Desktop\projects\django_sem1\venv\Lib\site-packages\django\db\models\fields\related_descriptors.py", line 750, in get_queryset
    raise ValueError(
ValueError: 'Order' instance needs to have a primary key value before this relationship can be used.
ERROR 2024-01-02 22:29:44,825 basehttp 15784 21896 "POST /admin/twoapp/order/add/ HTTP/1.1" 500 143454
INFO 2024-01-02 22:31:14,558 autoreload 2620 16752 Watching for file changes with StatReloader
ERROR 2024-01-02 22:31:24,756 log 2620 8544 Internal Server Error: /admin/twoapp/order/add/
Traceback (most recent call last):
  File "C:\Users\User\Desktop\projects\django_sem1\venv\Lib\site-packages\django\db\backends\utils.py", line 105, in _execute
    return self.cursor.execute(sql, params)
           ^^^^^^^^^^^^^^^^^^^^^^^^^^^^^^^^
  File "C:\Users\User\Desktop\projects\django_sem1\venv\Lib\site-packages\django\db\backends\sqlite3\base.py", line 328, in execute
    return super().execute(query, params)
           ^^^^^^^^^^^^^^^^^^^^^^^^^^^^^^
sqlite3.IntegrityError: NOT NULL constraint failed: twoapp_order.total_price

The above exception was the direct cause of the following exception:

Traceback (most recent call last):
  File "C:\Users\User\Desktop\projects\django_sem1\venv\Lib\site-packages\django\core\handlers\exception.py", line 55, in inner
    response = get_response(request)
               ^^^^^^^^^^^^^^^^^^^^^
  File "C:\Users\User\Desktop\projects\django_sem1\venv\Lib\site-packages\django\core\handlers\base.py", line 197, in _get_response
    response = wrapped_callback(request, *callback_args, **callback_kwargs)
               ^^^^^^^^^^^^^^^^^^^^^^^^^^^^^^^^^^^^^^^^^^^^^^^^^^^^^^^^^^^^
  File "C:\Users\User\Desktop\projects\django_sem1\venv\Lib\site-packages\django\contrib\admin\options.py", line 714, in wrapper
    return self.admin_site.admin_view(view)(*args, **kwargs)
           ^^^^^^^^^^^^^^^^^^^^^^^^^^^^^^^^^^^^^^^^^^^^^^^^^
  File "C:\Users\User\Desktop\projects\django_sem1\venv\Lib\site-packages\django\utils\decorators.py", line 188, in _view_wrapper
    result = _process_exception(request, e)
             ^^^^^^^^^^^^^^^^^^^^^^^^^^^^^^
  File "C:\Users\User\Desktop\projects\django_sem1\venv\Lib\site-packages\django\utils\decorators.py", line 186, in _view_wrapper
    response = view_func(request, *args, **kwargs)
               ^^^^^^^^^^^^^^^^^^^^^^^^^^^^^^^^^^^
  File "C:\Users\User\Desktop\projects\django_sem1\venv\Lib\site-packages\django\views\decorators\cache.py", line 80, in _view_wrapper
    response = view_func(request, *args, **kwargs)
               ^^^^^^^^^^^^^^^^^^^^^^^^^^^^^^^^^^^
  File "C:\Users\User\Desktop\projects\django_sem1\venv\Lib\site-packages\django\contrib\admin\sites.py", line 240, in inner
    return view(request, *args, **kwargs)
           ^^^^^^^^^^^^^^^^^^^^^^^^^^^^^^
  File "C:\Users\User\Desktop\projects\django_sem1\venv\Lib\site-packages\django\contrib\admin\options.py", line 1941, in add_view
    return self.changeform_view(request, None, form_url, extra_context)
           ^^^^^^^^^^^^^^^^^^^^^^^^^^^^^^^^^^^^^^^^^^^^^^^^^^^^^^^^^^^^
  File "C:\Users\User\Desktop\projects\django_sem1\venv\Lib\site-packages\django\utils\decorators.py", line 48, in _wrapper
    return bound_method(*args, **kwargs)
           ^^^^^^^^^^^^^^^^^^^^^^^^^^^^^
  File "C:\Users\User\Desktop\projects\django_sem1\venv\Lib\site-packages\django\utils\decorators.py", line 188, in _view_wrapper
    result = _process_exception(request, e)
             ^^^^^^^^^^^^^^^^^^^^^^^^^^^^^^
  File "C:\Users\User\Desktop\projects\django_sem1\venv\Lib\site-packages\django\utils\decorators.py", line 186, in _view_wrapper
    response = view_func(request, *args, **kwargs)
               ^^^^^^^^^^^^^^^^^^^^^^^^^^^^^^^^^^^
  File "C:\Users\User\Desktop\projects\django_sem1\venv\Lib\site-packages\django\contrib\admin\options.py", line 1802, in changeform_view
    return self._changeform_view(request, object_id, form_url, extra_context)
           ^^^^^^^^^^^^^^^^^^^^^^^^^^^^^^^^^^^^^^^^^^^^^^^^^^^^^^^^^^^^^^^^^^
  File "C:\Users\User\Desktop\projects\django_sem1\venv\Lib\site-packages\django\contrib\admin\options.py", line 1853, in _changeform_view
    self.save_model(request, new_object, form, not add)
  File "C:\Users\User\Desktop\projects\django_sem1\venv\Lib\site-packages\django\contrib\admin\options.py", line 1257, in save_model
    obj.save()
  File "C:\Users\User\Desktop\projects\django_sem1\twoapp\models.py", line 39, in save
    super().save(*args, **kwargs)
  File "C:\Users\User\Desktop\projects\django_sem1\venv\Lib\site-packages\django\db\models\base.py", line 822, in save
    self.save_base(
  File "C:\Users\User\Desktop\projects\django_sem1\venv\Lib\site-packages\django\db\models\base.py", line 909, in save_base
    updated = self._save_table(
              ^^^^^^^^^^^^^^^^^
  File "C:\Users\User\Desktop\projects\django_sem1\venv\Lib\site-packages\django\db\models\base.py", line 1067, in _save_table
    results = self._do_insert(
              ^^^^^^^^^^^^^^^^
  File "C:\Users\User\Desktop\projects\django_sem1\venv\Lib\site-packages\django\db\models\base.py", line 1108, in _do_insert
    return manager._insert(
           ^^^^^^^^^^^^^^^^
  File "C:\Users\User\Desktop\projects\django_sem1\venv\Lib\site-packages\django\db\models\manager.py", line 87, in manager_method
    return getattr(self.get_queryset(), name)(*args, **kwargs)
           ^^^^^^^^^^^^^^^^^^^^^^^^^^^^^^^^^^^^^^^^^^^^^^^^^^^
  File "C:\Users\User\Desktop\projects\django_sem1\venv\Lib\site-packages\django\db\models\query.py", line 1845, in _insert
    return query.get_compiler(using=using).execute_sql(returning_fields)
           ^^^^^^^^^^^^^^^^^^^^^^^^^^^^^^^^^^^^^^^^^^^^^^^^^^^^^^^^^^^^^
  File "C:\Users\User\Desktop\projects\django_sem1\venv\Lib\site-packages\django\db\models\sql\compiler.py", line 1823, in execute_sql
    cursor.execute(sql, params)
  File "C:\Users\User\Desktop\projects\django_sem1\venv\Lib\site-packages\django\db\backends\utils.py", line 122, in execute
    return super().execute(sql, params)
           ^^^^^^^^^^^^^^^^^^^^^^^^^^^^
  File "C:\Users\User\Desktop\projects\django_sem1\venv\Lib\site-packages\django\db\backends\utils.py", line 79, in execute
    return self._execute_with_wrappers(
           ^^^^^^^^^^^^^^^^^^^^^^^^^^^^
  File "C:\Users\User\Desktop\projects\django_sem1\venv\Lib\site-packages\django\db\backends\utils.py", line 92, in _execute_with_wrappers
    return executor(sql, params, many, context)
           ^^^^^^^^^^^^^^^^^^^^^^^^^^^^^^^^^^^^
  File "C:\Users\User\Desktop\projects\django_sem1\venv\Lib\site-packages\django\db\backends\utils.py", line 100, in _execute
    with self.db.wrap_database_errors:
  File "C:\Users\User\Desktop\projects\django_sem1\venv\Lib\site-packages\django\db\utils.py", line 91, in __exit__
    raise dj_exc_value.with_traceback(traceback) from exc_value
  File "C:\Users\User\Desktop\projects\django_sem1\venv\Lib\site-packages\django\db\backends\utils.py", line 105, in _execute
    return self.cursor.execute(sql, params)
           ^^^^^^^^^^^^^^^^^^^^^^^^^^^^^^^^
  File "C:\Users\User\Desktop\projects\django_sem1\venv\Lib\site-packages\django\db\backends\sqlite3\base.py", line 328, in execute
    return super().execute(query, params)
           ^^^^^^^^^^^^^^^^^^^^^^^^^^^^^^
django.db.utils.IntegrityError: NOT NULL constraint failed: twoapp_order.total_price
ERROR 2024-01-02 22:31:24,766 basehttp 2620 8544 "POST /admin/twoapp/order/add/ HTTP/1.1" 500 215289
INFO 2024-01-02 22:31:53,578 autoreload 20540 7064 Watching for file changes with StatReloader
INFO 2024-01-02 22:31:59,080 basehttp 20540 5280 "POST /admin/twoapp/order/add/ HTTP/1.1" 302 0
INFO 2024-01-02 22:31:59,123 basehttp 20540 5280 "GET /admin/twoapp/order/ HTTP/1.1" 200 10899
INFO 2024-01-02 22:31:59,176 basehttp 20540 5280 "GET /admin/jsi18n/ HTTP/1.1" 200 17546
INFO 2024-01-02 22:32:02,698 basehttp 20540 5280 "GET /admin/twoapp/order/2/change/ HTTP/1.1" 200 17586
INFO 2024-01-02 22:32:03,278 basehttp 20540 5280 "GET /admin/jsi18n/ HTTP/1.1" 200 17546
INFO 2024-01-02 22:32:09,919 basehttp 20540 5280 "POST /admin/twoapp/order/2/change/ HTTP/1.1" 302 0
INFO 2024-01-02 22:32:09,932 basehttp 20540 5280 "GET /admin/twoapp/order/ HTTP/1.1" 200 10903
INFO 2024-01-02 22:32:09,957 basehttp 20540 5280 "GET /admin/jsi18n/ HTTP/1.1" 200 17546
INFO 2024-01-02 22:32:17,566 basehttp 20540 5280 "GET /admin/twoapp/order/2/change/ HTTP/1.1" 200 17588
INFO 2024-01-02 22:32:18,162 basehttp 20540 5280 "GET /admin/jsi18n/ HTTP/1.1" 200 17546
INFO 2024-01-02 22:33:03,030 basehttp 20540 5280 "GET /admin/twoapp/client/ HTTP/1.1" 200 10589
INFO 2024-01-02 22:33:03,052 basehttp 20540 5280 "GET /admin/jsi18n/ HTTP/1.1" 200 17546
INFO 2024-01-02 22:33:14,766 basehttp 20540 5280 "GET / HTTP/1.1" 200 2555
INFO 2024-01-02 22:33:23,262 basehttp 20540 5280 "GET /twoapp/ HTTP/1.1" 200 918
INFO 2024-01-02 22:33:46,428 basehttp 20540 5280 "GET /admin/ HTTP/1.1" 200 8940
INFO 2024-01-02 22:35:40,243 autoreload 20540 7064 C:\Users\User\Desktop\projects\django_sem1\twoapp\views.py changed, reloading.
INFO 2024-01-02 22:35:40,727 autoreload 12308 2084 Watching for file changes with StatReloader
INFO 2024-01-02 22:40:58,646 autoreload 22600 18824 Watching for file changes with StatReloader
INFO 2024-01-02 22:41:06,581 basehttp 22600 10712 "GET / HTTP/1.1" 200 2555
INFO 2024-01-02 22:41:16,148 basehttp 22600 10712 "GET /twoapp/orders HTTP/1.1" 301 0
INFO 2024-01-02 22:41:16,158 basehttp 22600 6200 "GET /twoapp/orders/ HTTP/1.1" 200 327
INFO 2024-01-02 22:41:47,929 autoreload 11424 22668 Watching for file changes with StatReloader
INFO 2024-01-02 22:41:54,497 basehttp 11424 23132 "GET /twoapp/orders/ HTTP/1.1" 200 357
INFO 2024-01-02 22:45:52,287 autoreload 16988 23440 Watching for file changes with StatReloader
INFO 2024-01-02 22:45:59,809 basehttp 16988 20484 "GET /twoapp/orders/ HTTP/1.1" 200 414
INFO 2024-01-02 22:47:12,142 autoreload 11708 7208 Watching for file changes with StatReloader
INFO 2024-01-02 22:47:15,352 basehttp 11708 13804 "GET /twoapp/orders/ HTTP/1.1" 200 522
INFO 2024-01-02 22:49:29,602 autoreload 2788 21428 Watching for file changes with StatReloader
INFO 2024-01-02 22:49:40,951 basehttp 2788 23524 "GET /twoapp/orders/ HTTP/1.1" 200 784
INFO 2024-01-02 22:49:42,647 basehttp 2788 23524 "GET /twoapp/orders/?days=7 HTTP/1.1" 200 784
INFO 2024-01-02 22:49:43,800 basehttp 2788 23524 "GET /twoapp/orders/?days=30 HTTP/1.1" 200 784
INFO 2024-01-02 22:49:44,774 basehttp 2788 23524 "GET /twoapp/orders/?days=365 HTTP/1.1" 200 784
INFO 2024-01-02 22:49:45,895 basehttp 2788 23524 "GET /twoapp/orders/?days=30 HTTP/1.1" 200 784
INFO 2024-01-02 22:49:46,647 basehttp 2788 23524 "GET /twoapp/orders/?days=7 HTTP/1.1" 200 784
INFO 2024-01-02 22:49:47,829 basehttp 2788 23524 "GET /twoapp/orders/?days=30 HTTP/1.1" 200 784
INFO 2024-01-02 22:49:48,751 basehttp 2788 23524 "GET /twoapp/orders/?days=365 HTTP/1.1" 200 784
INFO 2024-01-02 22:49:51,478 basehttp 2788 23524 "GET /twoapp/orders/?days=365 HTTP/1.1" 200 784
INFO 2024-01-02 22:52:51,833 autoreload 20072 22960 Watching for file changes with StatReloader
INFO 2024-01-02 22:53:16,306 autoreload 4092 1428 Watching for file changes with StatReloader
WARNING 2024-01-02 22:53:28,298 log 4092 18624 Not Found: /twoapp/orders/
WARNING 2024-01-02 22:53:28,299 basehttp 4092 18624 "GET /twoapp/orders/?days=30 HTTP/1.1" 404 2831
INFO 2024-01-02 22:54:46,248 autoreload 16508 11400 Watching for file changes with StatReloader
WARNING 2024-01-02 22:54:54,159 log 16508 23024 Not Found: /twoapp/orders/
WARNING 2024-01-02 22:54:54,159 basehttp 16508 23024 "GET /twoapp/orders/?days=30 HTTP/1.1" 404 2831
INFO 2024-01-02 22:59:48,550 autoreload 22312 17516 Watching for file changes with StatReloader
INFO 2024-01-02 23:00:12,367 autoreload 3280 14864 Watching for file changes with StatReloader
INFO 2024-01-02 23:00:19,628 basehttp 3280 18628 "GET /twoapp/orders/?days=30 HTTP/1.1" 200 799
INFO 2024-01-02 23:00:21,621 basehttp 3280 18628 "GET /twoapp/orders/?days=365 HTTP/1.1" 200 799
INFO 2024-01-02 23:00:23,068 basehttp 3280 18628 "GET /twoapp/orders/?days=7 HTTP/1.1" 200 799
INFO 2024-01-02 23:01:26,518 autoreload 4848 17144 Watching for file changes with StatReloader
INFO 2024-01-02 23:01:32,031 basehttp 4848 7264 "GET /twoapp/orders/?days=7 HTTP/1.1" 200 637
INFO 2024-01-02 23:01:39,623 basehttp 4848 7264 "GET /twoapp/orders/?days=30 HTTP/1.1" 200 637
INFO 2024-01-02 23:01:40,667 basehttp 4848 7264 "GET /twoapp/orders/?days=30 HTTP/1.1" 200 637
INFO 2024-01-02 23:01:41,605 basehttp 4848 7264 "GET /twoapp/orders/?days=365 HTTP/1.1" 200 637
INFO 2024-01-02 23:01:42,625 basehttp 4848 7264 "GET /twoapp/orders/?days=30 HTTP/1.1" 200 637
INFO 2024-01-02 23:01:43,269 basehttp 4848 7264 "GET /twoapp/orders/?days=7 HTTP/1.1" 200 637
INFO 2024-01-02 23:01:44,108 basehttp 4848 7264 "GET /twoapp/orders/?days=30 HTTP/1.1" 200 637
INFO 2024-01-02 23:01:44,767 basehttp 4848 7264 "GET /twoapp/orders/?days=365 HTTP/1.1" 200 637
INFO 2024-01-02 23:01:45,373 basehttp 4848 7264 "GET /twoapp/orders/?days=30 HTTP/1.1" 200 637
INFO 2024-01-02 23:01:45,661 basehttp 4848 7264 "GET /twoapp/orders/?days=7 HTTP/1.1" 200 637
INFO 2024-01-02 23:01:46,258 basehttp 4848 7264 "GET /twoapp/orders/?days=30 HTTP/1.1" 200 637
INFO 2024-01-02 23:01:46,569 basehttp 4848 7264 "GET /twoapp/orders/?days=365 HTTP/1.1" 200 637
INFO 2024-01-02 23:01:55,340 basehttp 4848 7264 "GET /twoapp/orders/ HTTP/1.1" 200 774
INFO 2024-01-02 23:02:26,935 basehttp 4848 7264 "GET /twoapp/orders/?days=365 HTTP/1.1" 200 637
INFO 2024-01-02 23:02:28,310 basehttp 4848 7264 "GET /twoapp/orders/?days=30 HTTP/1.1" 200 637
INFO 2024-01-02 23:02:29,267 basehttp 4848 7264 "GET /twoapp/orders/?days=7 HTTP/1.1" 200 637
INFO 2024-01-02 23:02:30,070 basehttp 4848 7264 "GET /twoapp/orders/?days=30 HTTP/1.1" 200 637
INFO 2024-01-02 23:02:30,499 basehttp 4848 7264 "GET /twoapp/orders/?days=365 HTTP/1.1" 200 637
INFO 2024-01-02 23:02:31,267 basehttp 4848 7264 "GET /twoapp/orders/?days=30 HTTP/1.1" 200 637
INFO 2024-01-02 23:02:31,696 basehttp 4848 7264 "GET /twoapp/orders/?days=7 HTTP/1.1" 200 637
INFO 2024-01-02 23:02:35,098 basehttp 4848 7264 "GET /twoapp/orders/?days=30 HTTP/1.1" 200 637
INFO 2024-01-02 23:03:59,454 basehttp 4848 7264 "GET /admin/ HTTP/1.1" 200 8940
INFO 2024-01-02 23:03:59,486 basehttp 4848 7264 "GET /static/admin/css/base.css HTTP/1.1" 304 0
INFO 2024-01-02 23:03:59,500 basehttp 4848 19704 "GET /static/admin/css/nav_sidebar.css HTTP/1.1" 304 0
INFO 2024-01-02 23:03:59,501 basehttp 4848 7264 "GET /static/admin/css/dark_mode.css HTTP/1.1" 304 0
INFO 2024-01-02 23:03:59,501 basehttp 4848 7160 "GET /static/admin/css/dashboard.css HTTP/1.1" 304 0
INFO 2024-01-02 23:03:59,503 basehttp 4848 20088 "GET /static/admin/css/responsive.css HTTP/1.1" 304 0
INFO 2024-01-02 23:03:59,508 basehttp 4848 7160 "GET /static/admin/js/nav_sidebar.js HTTP/1.1" 304 0
INFO 2024-01-02 23:03:59,509 basehttp 4848 20088 "GET /static/admin/js/theme.js HTTP/1.1" 304 0
INFO 2024-01-02 23:03:59,516 basehttp 4848 20088 "GET /static/admin/img/icon-addlink.svg HTTP/1.1" 304 0
INFO 2024-01-02 23:03:59,520 basehttp 4848 20088 "GET /static/admin/img/icon-changelink.svg HTTP/1.1" 304 0
INFO 2024-01-02 23:04:01,984 basehttp 4848 20088 "GET /admin/twoapp/order/ HTTP/1.1" 200 10702
INFO 2024-01-02 23:04:02,000 basehttp 4848 20088 "GET /static/admin/css/changelists.css HTTP/1.1" 304 0
INFO 2024-01-02 23:04:02,008 basehttp 4848 7264 "GET /static/admin/js/jquery.init.js HTTP/1.1" 304 0
INFO 2024-01-02 23:04:02,011 basehttp 4848 19704 "GET /static/admin/js/core.js HTTP/1.1" 304 0
INFO 2024-01-02 23:04:02,013 basehttp 4848 7160 "GET /static/admin/js/vendor/jquery/jquery.js HTTP/1.1" 304 0
INFO 2024-01-02 23:04:02,015 basehttp 4848 23216 "GET /static/admin/js/admin/RelatedObjectLookups.js HTTP/1.1" 304 0
INFO 2024-01-02 23:04:02,017 basehttp 4848 7264 "GET /static/admin/js/urlify.js HTTP/1.1" 304 0
INFO 2024-01-02 23:04:02,018 basehttp 4848 22128 "GET /static/admin/js/actions.js HTTP/1.1" 304 0
INFO 2024-01-02 23:04:02,018 basehttp 4848 7160 "GET /static/admin/js/vendor/xregexp/xregexp.js HTTP/1.1" 304 0
INFO 2024-01-02 23:04:02,019 basehttp 4848 19704 "GET /static/admin/js/prepopulate.js HTTP/1.1" 304 0
INFO 2024-01-02 23:04:02,024 basehttp 4848 20088 "GET /admin/jsi18n/ HTTP/1.1" 200 17546
INFO 2024-01-02 23:04:02,029 basehttp 4848 20088 "GET /static/admin/js/filters.js HTTP/1.1" 304 0
INFO 2024-01-02 23:04:02,049 basehttp 4848 20088 "GET /static/admin/img/tooltag-add.svg HTTP/1.1" 304 0
INFO 2024-01-02 23:04:04,255 basehttp 4848 20088 "GET /admin/twoapp/order/2/change/ HTTP/1.1" 200 17588
INFO 2024-01-02 23:04:04,268 basehttp 4848 20088 "GET /static/admin/css/forms.css HTTP/1.1" 304 0
INFO 2024-01-02 23:04:04,274 basehttp 4848 7160 "GET /static/admin/js/prepopulate_init.js HTTP/1.1" 304 0
INFO 2024-01-02 23:04:04,274 basehttp 4848 19704 "GET /static/admin/js/inlines.js HTTP/1.1" 304 0
INFO 2024-01-02 23:04:04,277 basehttp 4848 20088 "GET /admin/jsi18n/ HTTP/1.1" 200 17546
INFO 2024-01-02 23:04:04,279 basehttp 4848 19704 "GET /static/admin/css/widgets.css HTTP/1.1" 304 0
INFO 2024-01-02 23:04:04,284 basehttp 4848 19704 "GET /static/admin/img/icon-viewlink.svg HTTP/1.1" 304 0
INFO 2024-01-02 23:04:04,284 basehttp 4848 20088 "GET /static/admin/js/change_form.js HTTP/1.1" 304 0
INFO 2024-01-02 23:04:04,330 basehttp 4848 20088 "GET /static/admin/img/inline-delete.svg HTTP/1.1" 304 0
INFO 2024-01-02 23:04:57,526 autoreload 716 20164 Watching for file changes with StatReloader
ERROR 2024-01-02 23:05:03,840 log 716 7456 Internal Server Error: /admin/twoapp/order/2/change/
Traceback (most recent call last):
  File "C:\Users\User\Desktop\projects\django_sem1\venv\Lib\site-packages\django\contrib\admin\options.py", line 835, in get_form
    return modelform_factory(self.model, **defaults)
           ^^^^^^^^^^^^^^^^^^^^^^^^^^^^^^^^^^^^^^^^^
  File "C:\Users\User\Desktop\projects\django_sem1\venv\Lib\site-packages\django\forms\models.py", line 651, in modelform_factory
    return type(form)(class_name, (form,), form_class_attrs)
           ^^^^^^^^^^^^^^^^^^^^^^^^^^^^^^^^^^^^^^^^^^^^^^^^^
  File "C:\Users\User\Desktop\projects\django_sem1\venv\Lib\site-packages\django\forms\models.py", line 309, in __new__
    fields = fields_for_model(
             ^^^^^^^^^^^^^^^^^
  File "C:\Users\User\Desktop\projects\django_sem1\venv\Lib\site-packages\django\forms\models.py", line 204, in fields_for_model
    raise FieldError(
django.core.exceptions.FieldError: 'date_registration' cannot be specified for Order model form as it is a non-editable field

During handling of the above exception, another exception occurred:

Traceback (most recent call last):
  File "C:\Users\User\Desktop\projects\django_sem1\venv\Lib\site-packages\django\core\handlers\exception.py", line 55, in inner
    response = get_response(request)
               ^^^^^^^^^^^^^^^^^^^^^
  File "C:\Users\User\Desktop\projects\django_sem1\venv\Lib\site-packages\django\core\handlers\base.py", line 197, in _get_response
    response = wrapped_callback(request, *callback_args, **callback_kwargs)
               ^^^^^^^^^^^^^^^^^^^^^^^^^^^^^^^^^^^^^^^^^^^^^^^^^^^^^^^^^^^^
  File "C:\Users\User\Desktop\projects\django_sem1\venv\Lib\site-packages\django\contrib\admin\options.py", line 714, in wrapper
    return self.admin_site.admin_view(view)(*args, **kwargs)
           ^^^^^^^^^^^^^^^^^^^^^^^^^^^^^^^^^^^^^^^^^^^^^^^^^
  File "C:\Users\User\Desktop\projects\django_sem1\venv\Lib\site-packages\django\utils\decorators.py", line 188, in _view_wrapper
    result = _process_exception(request, e)
             ^^^^^^^^^^^^^^^^^^^^^^^^^^^^^^
  File "C:\Users\User\Desktop\projects\django_sem1\venv\Lib\site-packages\django\utils\decorators.py", line 186, in _view_wrapper
    response = view_func(request, *args, **kwargs)
               ^^^^^^^^^^^^^^^^^^^^^^^^^^^^^^^^^^^
  File "C:\Users\User\Desktop\projects\django_sem1\venv\Lib\site-packages\django\views\decorators\cache.py", line 80, in _view_wrapper
    response = view_func(request, *args, **kwargs)
               ^^^^^^^^^^^^^^^^^^^^^^^^^^^^^^^^^^^
  File "C:\Users\User\Desktop\projects\django_sem1\venv\Lib\site-packages\django\contrib\admin\sites.py", line 240, in inner
    return view(request, *args, **kwargs)
           ^^^^^^^^^^^^^^^^^^^^^^^^^^^^^^
  File "C:\Users\User\Desktop\projects\django_sem1\venv\Lib\site-packages\django\contrib\admin\options.py", line 1944, in change_view
    return self.changeform_view(request, object_id, form_url, extra_context)
           ^^^^^^^^^^^^^^^^^^^^^^^^^^^^^^^^^^^^^^^^^^^^^^^^^^^^^^^^^^^^^^^^^
  File "C:\Users\User\Desktop\projects\django_sem1\venv\Lib\site-packages\django\utils\decorators.py", line 48, in _wrapper
    return bound_method(*args, **kwargs)
           ^^^^^^^^^^^^^^^^^^^^^^^^^^^^^
  File "C:\Users\User\Desktop\projects\django_sem1\venv\Lib\site-packages\django\utils\decorators.py", line 188, in _view_wrapper
    result = _process_exception(request, e)
             ^^^^^^^^^^^^^^^^^^^^^^^^^^^^^^
  File "C:\Users\User\Desktop\projects\django_sem1\venv\Lib\site-packages\django\utils\decorators.py", line 186, in _view_wrapper
    response = view_func(request, *args, **kwargs)
               ^^^^^^^^^^^^^^^^^^^^^^^^^^^^^^^^^^^
  File "C:\Users\User\Desktop\projects\django_sem1\venv\Lib\site-packages\django\contrib\admin\options.py", line 1802, in changeform_view
    return self._changeform_view(request, object_id, form_url, extra_context)
           ^^^^^^^^^^^^^^^^^^^^^^^^^^^^^^^^^^^^^^^^^^^^^^^^^^^^^^^^^^^^^^^^^^
  File "C:\Users\User\Desktop\projects\django_sem1\venv\Lib\site-packages\django\contrib\admin\options.py", line 1837, in _changeform_view
    ModelForm = self.get_form(
                ^^^^^^^^^^^^^^
  File "C:\Users\User\Desktop\projects\django_sem1\venv\Lib\site-packages\django\contrib\admin\options.py", line 837, in get_form
    raise FieldError(
django.core.exceptions.FieldError: 'date_registration' cannot be specified for Order model form as it is a non-editable field. Check fields/fieldsets/exclude attributes of class OrderAdmin.
ERROR 2024-01-02 23:05:03,846 basehttp 716 7456 "GET /admin/twoapp/order/2/change/ HTTP/1.1" 500 155353
INFO 2024-01-02 23:05:40,529 autoreload 716 20164 C:\Users\User\Desktop\projects\django_sem1\twoapp\models.py changed, reloading.
INFO 2024-01-02 23:05:40,936 autoreload 7548 8040 Watching for file changes with StatReloader
INFO 2024-01-02 23:05:57,197 basehttp 7548 3492 "GET /admin/twoapp/order/2/change/ HTTP/1.1" 200 18535
INFO 2024-01-02 23:05:57,233 basehttp 7548 7984 "GET /static/admin/js/calendar.js HTTP/1.1" 304 0
INFO 2024-01-02 23:05:57,235 basehttp 7548 16100 "GET /static/admin/js/admin/DateTimeShortcuts.js HTTP/1.1" 304 0
INFO 2024-01-02 23:05:57,239 basehttp 7548 3492 "GET /admin/jsi18n/ HTTP/1.1" 200 17546
INFO 2024-01-02 23:05:57,306 basehttp 7548 3492 "GET /static/admin/img/icon-calendar.svg HTTP/1.1" 304 0
INFO 2024-01-02 23:05:57,307 basehttp 7548 16100 "GET /static/admin/img/icon-clock.svg HTTP/1.1" 304 0
INFO 2024-01-02 23:06:03,122 basehttp 7548 16100 "GET /static/admin/img/calendar-icons.svg HTTP/1.1" 200 1094
INFO 2024-01-02 23:06:16,603 basehttp 7548 16100 "POST /admin/twoapp/order/2/change/ HTTP/1.1" 302 0
INFO 2024-01-02 23:06:16,625 basehttp 7548 16100 "GET /admin/twoapp/order/ HTTP/1.1" 200 10903
INFO 2024-01-02 23:06:16,649 basehttp 7548 16100 "GET /admin/jsi18n/ HTTP/1.1" 200 17546
INFO 2024-01-02 23:06:16,665 basehttp 7548 16100 "GET /static/admin/img/icon-yes.svg HTTP/1.1" 304 0
INFO 2024-01-02 23:06:23,876 basehttp 7548 16100 "GET /twoapp/orders/ HTTP/1.1" 200 801
INFO 2024-01-02 23:06:26,580 basehttp 7548 16100 "GET /twoapp/orders/?days=7 HTTP/1.1" 200 637
INFO 2024-01-02 23:06:28,352 basehttp 7548 16100 "GET /twoapp/orders/?days=30 HTTP/1.1" 200 801
INFO 2024-01-02 23:06:30,410 basehttp 7548 16100 "GET /twoapp/orders/?days=365 HTTP/1.1" 200 801
INFO 2024-01-02 23:06:49,945 basehttp 7548 16100 "GET /twoapp/orders/?days=7 HTTP/1.1" 200 637
INFO 2024-01-02 23:06:56,419 basehttp 7548 16100 "GET /twoapp/orders/?days=30 HTTP/1.1" 200 801
INFO 2024-01-02 23:06:57,283 basehttp 7548 16100 "GET /twoapp/orders/?days=365 HTTP/1.1" 200 801
INFO 2024-01-02 23:06:58,317 basehttp 7548 16100 "GET /twoapp/orders/?days=7 HTTP/1.1" 200 637
INFO 2024-01-02 23:07:46,269 autoreload 7548 8040 C:\Users\User\Desktop\projects\django_sem1\twoapp\admin.py changed, reloading.
INFO 2024-01-02 23:07:46,717 autoreload 10352 10568 Watching for file changes with StatReloader
INFO 2024-01-02 23:12:04,753 autoreload 22656 16800 Watching for file changes with StatReloader
INFO 2024-01-02 23:12:08,903 basehttp 22656 16996 "GET /twoapp/orders/?days=7 HTTP/1.1" 200 690
INFO 2024-01-02 23:12:12,588 basehttp 22656 16996 "GET /twoapp/orders/?days=7 HTTP/1.1" 200 690
INFO 2024-01-02 23:12:14,220 basehttp 22656 16996 "GET /twoapp/orders/?days=30 HTTP/1.1" 200 880
INFO 2024-01-02 23:12:24,221 basehttp 22656 16996 "GET /twoapp/orders/?days=365 HTTP/1.1" 200 880
INFO 2024-01-02 23:17:33,345 autoreload 12716 3432 Watching for file changes with StatReloader
INFO 2024-01-02 23:17:45,849 basehttp 12716 17076 "GET /twoapp/orders/?days=365 HTTP/1.1" 200 1076
INFO 2024-01-02 23:18:24,461 autoreload 12716 3432 C:\Users\User\Desktop\projects\django_sem1\twoapp\views.py changed, reloading.
INFO 2024-01-02 23:18:25,096 autoreload 19492 5456 Watching for file changes with StatReloader
INFO 2024-01-02 23:24:58,126 autoreload 19492 5456 C:\Users\User\Desktop\projects\django_sem1\django_sem1\urls.py changed, reloading.
INFO 2024-01-02 23:24:58,555 autoreload 5576 4936 Watching for file changes with StatReloader
INFO 2024-01-02 23:26:04,701 autoreload 5576 4936 C:\Users\User\Desktop\projects\django_sem1\twoapp\forms.py changed, reloading.
INFO 2024-01-02 23:26:05,161 autoreload 22960 14632 Watching for file changes with StatReloader
INFO 2024-01-02 23:29:02,761 autoreload 19636 11064 Watching for file changes with StatReloader
INFO 2024-01-02 23:29:09,847 basehttp 19636 22464 "GET /admin/twoapp/product/ HTTP/1.1" 200 12047
INFO 2024-01-02 23:29:09,869 basehttp 19636 22464 "GET /admin/jsi18n/ HTTP/1.1" 200 17546
INFO 2024-01-02 23:29:14,359 basehttp 19636 22464 "GET /admin/twoapp/product/3/change/ HTTP/1.1" 200 13983
INFO 2024-01-02 23:29:14,986 basehttp 19636 22464 "GET /admin/jsi18n/ HTTP/1.1" 200 17546
INFO 2024-01-02 23:30:10,250 basehttp 19636 22464 "POST /admin/twoapp/product/3/change/ HTTP/1.1" 302 0
INFO 2024-01-02 23:30:10,267 basehttp 19636 22464 "GET /admin/twoapp/product/ HTTP/1.1" 200 12354
INFO 2024-01-02 23:30:10,293 basehttp 19636 22464 "GET /admin/jsi18n/ HTTP/1.1" 200 17546
INFO 2024-01-02 23:30:10,337 basehttp 19636 22464 "GET /media/images/%D0%91%D0%B5%D0%B7_%D0%BD%D0%B0%D0%B7%D0%B2%D0%B0%D0%BD%D0%B8%D1%8F.jpg HTTP/1.1" 200 12926
INFO 2024-01-02 23:31:19,218 basehttp 19636 22464 "GET /admin/twoapp/product/3/change/ HTTP/1.1" 200 14389
INFO 2024-01-02 23:31:19,821 basehttp 19636 22464 "GET /admin/jsi18n/ HTTP/1.1" 200 17546
INFO 2024-01-02 23:35:08,646 autoreload 20892 7456 Watching for file changes with StatReloader
INFO 2024-01-02 23:35:20,559 basehttp 20892 23264 "GET /twoapp/products HTTP/1.1" 301 0
INFO 2024-01-02 23:35:20,576 basehttp 20892 316 "GET /twoapp/products/ HTTP/1.1" 200 1225
INFO 2024-01-02 23:42:51,002 autoreload 7228 16332 Watching for file changes with StatReloader
INFO 2024-01-02 23:42:58,121 basehttp 7228 17252 "GET /twoapp/products/ HTTP/1.1" 200 1264
ERROR 2024-01-02 23:43:23,605 log 7228 17252 Internal Server Error: /twoapp/products/
Traceback (most recent call last):
  File "C:\Users\User\Desktop\projects\django_sem1\venv\Lib\site-packages\django\db\backends\utils.py", line 105, in _execute
    return self.cursor.execute(sql, params)
           ^^^^^^^^^^^^^^^^^^^^^^^^^^^^^^^^
  File "C:\Users\User\Desktop\projects\django_sem1\venv\Lib\site-packages\django\db\backends\sqlite3\base.py", line 328, in execute
    return super().execute(query, params)
           ^^^^^^^^^^^^^^^^^^^^^^^^^^^^^^
sqlite3.IntegrityError: NOT NULL constraint failed: twoapp_product.order_id

The above exception was the direct cause of the following exception:

Traceback (most recent call last):
  File "C:\Users\User\Desktop\projects\django_sem1\venv\Lib\site-packages\django\core\handlers\exception.py", line 55, in inner
    response = get_response(request)
               ^^^^^^^^^^^^^^^^^^^^^
  File "C:\Users\User\Desktop\projects\django_sem1\venv\Lib\site-packages\django\core\handlers\base.py", line 197, in _get_response
    response = wrapped_callback(request, *callback_args, **callback_kwargs)
               ^^^^^^^^^^^^^^^^^^^^^^^^^^^^^^^^^^^^^^^^^^^^^^^^^^^^^^^^^^^^
  File "C:\Users\User\Desktop\projects\django_sem1\venv\Lib\site-packages\django\views\generic\base.py", line 104, in view
    return self.dispatch(request, *args, **kwargs)
           ^^^^^^^^^^^^^^^^^^^^^^^^^^^^^^^^^^^^^^^
  File "C:\Users\User\Desktop\projects\django_sem1\venv\Lib\site-packages\django\views\generic\base.py", line 143, in dispatch
    return handler(request, *args, **kwargs)
           ^^^^^^^^^^^^^^^^^^^^^^^^^^^^^^^^^
  File "C:\Users\User\Desktop\projects\django_sem1\twoapp\views.py", line 55, in post
    form.save()
  File "C:\Users\User\Desktop\projects\django_sem1\venv\Lib\site-packages\django\forms\models.py", line 551, in save
    self.instance.save()
  File "C:\Users\User\Desktop\projects\django_sem1\venv\Lib\site-packages\django\db\models\base.py", line 822, in save
    self.save_base(
  File "C:\Users\User\Desktop\projects\django_sem1\venv\Lib\site-packages\django\db\models\base.py", line 909, in save_base
    updated = self._save_table(
              ^^^^^^^^^^^^^^^^^
  File "C:\Users\User\Desktop\projects\django_sem1\venv\Lib\site-packages\django\db\models\base.py", line 1067, in _save_table
    results = self._do_insert(
              ^^^^^^^^^^^^^^^^
  File "C:\Users\User\Desktop\projects\django_sem1\venv\Lib\site-packages\django\db\models\base.py", line 1108, in _do_insert
    return manager._insert(
           ^^^^^^^^^^^^^^^^
  File "C:\Users\User\Desktop\projects\django_sem1\venv\Lib\site-packages\django\db\models\manager.py", line 87, in manager_method
    return getattr(self.get_queryset(), name)(*args, **kwargs)
           ^^^^^^^^^^^^^^^^^^^^^^^^^^^^^^^^^^^^^^^^^^^^^^^^^^^
  File "C:\Users\User\Desktop\projects\django_sem1\venv\Lib\site-packages\django\db\models\query.py", line 1845, in _insert
    return query.get_compiler(using=using).execute_sql(returning_fields)
           ^^^^^^^^^^^^^^^^^^^^^^^^^^^^^^^^^^^^^^^^^^^^^^^^^^^^^^^^^^^^^
  File "C:\Users\User\Desktop\projects\django_sem1\venv\Lib\site-packages\django\db\models\sql\compiler.py", line 1823, in execute_sql
    cursor.execute(sql, params)
  File "C:\Users\User\Desktop\projects\django_sem1\venv\Lib\site-packages\django\db\backends\utils.py", line 122, in execute
    return super().execute(sql, params)
           ^^^^^^^^^^^^^^^^^^^^^^^^^^^^
  File "C:\Users\User\Desktop\projects\django_sem1\venv\Lib\site-packages\django\db\backends\utils.py", line 79, in execute
    return self._execute_with_wrappers(
           ^^^^^^^^^^^^^^^^^^^^^^^^^^^^
  File "C:\Users\User\Desktop\projects\django_sem1\venv\Lib\site-packages\django\db\backends\utils.py", line 92, in _execute_with_wrappers
    return executor(sql, params, many, context)
           ^^^^^^^^^^^^^^^^^^^^^^^^^^^^^^^^^^^^
  File "C:\Users\User\Desktop\projects\django_sem1\venv\Lib\site-packages\django\db\backends\utils.py", line 100, in _execute
    with self.db.wrap_database_errors:
  File "C:\Users\User\Desktop\projects\django_sem1\venv\Lib\site-packages\django\db\utils.py", line 91, in __exit__
    raise dj_exc_value.with_traceback(traceback) from exc_value
  File "C:\Users\User\Desktop\projects\django_sem1\venv\Lib\site-packages\django\db\backends\utils.py", line 105, in _execute
    return self.cursor.execute(sql, params)
           ^^^^^^^^^^^^^^^^^^^^^^^^^^^^^^^^
  File "C:\Users\User\Desktop\projects\django_sem1\venv\Lib\site-packages\django\db\backends\sqlite3\base.py", line 328, in execute
    return super().execute(query, params)
           ^^^^^^^^^^^^^^^^^^^^^^^^^^^^^^
django.db.utils.IntegrityError: NOT NULL constraint failed: twoapp_product.order_id
ERROR 2024-01-02 23:43:23,616 basehttp 7228 17252 "POST /twoapp/products/ HTTP/1.1" 500 169247
INFO 2024-01-02 23:47:17,780 autoreload 7228 16332 C:\Users\User\Desktop\projects\django_sem1\twoapp\models.py changed, reloading.
INFO 2024-01-02 23:47:18,219 autoreload 4504 23500 Watching for file changes with StatReloader
INFO 2024-01-02 23:48:05,890 autoreload 19808 22108 Watching for file changes with StatReloader
INFO 2024-01-02 23:48:14,113 basehttp 19808 17288 "POST /twoapp/products/ HTTP/1.1" 302 0
INFO 2024-01-02 23:48:14,129 basehttp 19808 17288 "GET /twoapp/products/ HTTP/1.1" 200 1264
INFO 2024-01-02 23:48:21,786 basehttp 19808 17288 "GET /admin/twoapp/product/ HTTP/1.1" 200 12857
INFO 2024-01-02 23:48:21,807 basehttp 19808 17288 "GET /admin/jsi18n/ HTTP/1.1" 200 17546
INFO 2024-01-02 23:48:21,816 basehttp 19808 19976 "GET /media/images/%D0%91%D0%B5%D0%B7_%D0%BD%D0%B0%D0%B7%D0%B2%D0%B0%D0%BD%D0%B8%D1%8F.jpg HTTP/1.1" 304 0
INFO 2024-01-02 23:48:21,846 basehttp 19808 17288 "GET /media/images/%D0%91%D0%B5%D0%B7_%D0%BD%D0%B0%D0%B7%D0%B2%D0%B0%D0%BD%D0%B8%D1%8F_8qVpbaH.jpg HTTP/1.1" 200 12926
INFO 2024-01-02 23:49:54,677 basehttp 19808 17288 "GET /twoapp/orders/ HTTP/1.1" 200 684
INFO 2024-01-02 23:49:59,620 basehttp 19808 17288 "GET /twoapp/orders/?days=30 HTTP/1.1" 200 684
INFO 2024-01-02 23:50:00,730 basehttp 19808 17288 "GET /twoapp/orders/?days=7 HTTP/1.1" 200 559
INFO 2024-01-02 23:50:01,849 basehttp 19808 17288 "GET /twoapp/orders/?days=365 HTTP/1.1" 200 684
INFO 2024-01-02 23:50:02,747 basehttp 19808 17288 "GET /twoapp/orders/?days=30 HTTP/1.1" 200 684
INFO 2024-01-02 23:50:03,581 basehttp 19808 17288 "GET /twoapp/orders/?days=7 HTTP/1.1" 200 559
INFO 2024-01-02 23:50:24,368 autoreload 12592 4908 Watching for file changes with StatReloader
ERROR 2024-01-02 23:50:33,855 log 12592 11512 Internal Server Error: /twoapp/orders/
Traceback (most recent call last):
  File "C:\Users\User\Desktop\projects\django_sem1\venv\Lib\site-packages\django\core\handlers\exception.py", line 55, in inner
    response = get_response(request)
               ^^^^^^^^^^^^^^^^^^^^^
  File "C:\Users\User\Desktop\projects\django_sem1\venv\Lib\site-packages\django\core\handlers\base.py", line 197, in _get_response
    response = wrapped_callback(request, *callback_args, **callback_kwargs)
               ^^^^^^^^^^^^^^^^^^^^^^^^^^^^^^^^^^^^^^^^^^^^^^^^^^^^^^^^^^^^
  File "C:\Users\User\Desktop\projects\django_sem1\venv\Lib\site-packages\django\views\generic\base.py", line 104, in view
    return self.dispatch(request, *args, **kwargs)
           ^^^^^^^^^^^^^^^^^^^^^^^^^^^^^^^^^^^^^^^
  File "C:\Users\User\Desktop\projects\django_sem1\venv\Lib\site-packages\django\views\generic\base.py", line 143, in dispatch
    return handler(request, *args, **kwargs)
           ^^^^^^^^^^^^^^^^^^^^^^^^^^^^^^^^^
  File "C:\Users\User\Desktop\projects\django_sem1\twoapp\views.py", line 40, in get
    return render(request, 'twoapp/list_order.html', context=context)
           ^^^^^^^^^^^^^^^^^^^^^^^^^^^^^^^^^^^^^^^^^^^^^^^^^^^^^^^^^^
  File "C:\Users\User\Desktop\projects\django_sem1\venv\Lib\site-packages\django\shortcuts.py", line 24, in render
    content = loader.render_to_string(template_name, context, request, using=using)
              ^^^^^^^^^^^^^^^^^^^^^^^^^^^^^^^^^^^^^^^^^^^^^^^^^^^^^^^^^^^^^^^^^^^^^
  File "C:\Users\User\Desktop\projects\django_sem1\venv\Lib\site-packages\django\template\loader.py", line 62, in render_to_string
    return template.render(context, request)
           ^^^^^^^^^^^^^^^^^^^^^^^^^^^^^^^^^
  File "C:\Users\User\Desktop\projects\django_sem1\venv\Lib\site-packages\django\template\backends\django.py", line 61, in render
    return self.template.render(context)
           ^^^^^^^^^^^^^^^^^^^^^^^^^^^^^
  File "C:\Users\User\Desktop\projects\django_sem1\venv\Lib\site-packages\django\template\base.py", line 171, in render
    return self._render(context)
           ^^^^^^^^^^^^^^^^^^^^^
  File "C:\Users\User\Desktop\projects\django_sem1\venv\Lib\site-packages\django\template\base.py", line 163, in _render
    return self.nodelist.render(context)
           ^^^^^^^^^^^^^^^^^^^^^^^^^^^^^
  File "C:\Users\User\Desktop\projects\django_sem1\venv\Lib\site-packages\django\template\base.py", line 1000, in render
    return SafeString("".join([node.render_annotated(context) for node in self]))
                              ^^^^^^^^^^^^^^^^^^^^^^^^^^^^^^^^^^^^^^^^^^^^^^^^^
  File "C:\Users\User\Desktop\projects\django_sem1\venv\Lib\site-packages\django\template\base.py", line 1000, in <listcomp>
    return SafeString("".join([node.render_annotated(context) for node in self]))
                               ^^^^^^^^^^^^^^^^^^^^^^^^^^^^^^
  File "C:\Users\User\Desktop\projects\django_sem1\venv\Lib\site-packages\django\template\base.py", line 961, in render_annotated
    return self.render(context)
           ^^^^^^^^^^^^^^^^^^^^
  File "C:\Users\User\Desktop\projects\django_sem1\venv\Lib\site-packages\django\template\defaulttags.py", line 241, in render
    nodelist.append(node.render_annotated(context))
                    ^^^^^^^^^^^^^^^^^^^^^^^^^^^^^^
  File "C:\Users\User\Desktop\projects\django_sem1\venv\Lib\site-packages\django\template\base.py", line 961, in render_annotated
    return self.render(context)
           ^^^^^^^^^^^^^^^^^^^^
  File "C:\Users\User\Desktop\projects\django_sem1\venv\Lib\site-packages\django\template\defaulttags.py", line 196, in render
    values = list(values)
             ^^^^^^^^^^^^
TypeError: 'ManyRelatedManager' object is not iterable
ERROR 2024-01-02 23:50:33,858 basehttp 12592 11512 "GET /twoapp/orders/?days=7 HTTP/1.1" 500 134887
INFO 2024-01-02 23:50:42,242 basehttp 12592 11512 "GET /admin/twoapp/order/ HTTP/1.1" 200 10702
INFO 2024-01-02 23:50:42,258 basehttp 12592 11512 "GET /static/admin/css/base.css HTTP/1.1" 304 0
INFO 2024-01-02 23:50:42,259 basehttp 12592 5744 "GET /static/admin/css/dark_mode.css HTTP/1.1" 304 0
INFO 2024-01-02 23:50:42,269 basehttp 12592 18520 "GET /static/admin/css/changelists.css HTTP/1.1" 304 0
INFO 2024-01-02 23:50:42,269 basehttp 12592 5744 "GET /static/admin/js/core.js HTTP/1.1" 304 0
INFO 2024-01-02 23:50:42,269 basehttp 12592 21236 "GET /static/admin/js/jquery.init.js HTTP/1.1" 304 0
INFO 2024-01-02 23:50:42,270 basehttp 12592 14796 "GET /static/admin/js/vendor/jquery/jquery.js HTTP/1.1" 304 0
INFO 2024-01-02 23:50:42,271 basehttp 12592 11512 "GET /static/admin/css/nav_sidebar.css HTTP/1.1" 304 0
INFO 2024-01-02 23:50:42,278 basehttp 12592 21236 "GET /static/admin/js/admin/RelatedObjectLookups.js HTTP/1.1" 304 0
INFO 2024-01-02 23:50:42,278 basehttp 12592 18520 "GET /static/admin/css/responsive.css HTTP/1.1" 304 0
INFO 2024-01-02 23:50:42,279 basehttp 12592 5744 "GET /static/admin/js/actions.js HTTP/1.1" 304 0
INFO 2024-01-02 23:50:42,281 basehttp 12592 14796 "GET /static/admin/js/urlify.js HTTP/1.1" 304 0
INFO 2024-01-02 23:50:42,282 basehttp 12592 11512 "GET /static/admin/js/prepopulate.js HTTP/1.1" 304 0
INFO 2024-01-02 23:50:42,282 basehttp 12592 21236 "GET /static/admin/js/vendor/xregexp/xregexp.js HTTP/1.1" 304 0
INFO 2024-01-02 23:50:42,285 basehttp 12592 7064 "GET /admin/jsi18n/ HTTP/1.1" 200 17546
INFO 2024-01-02 23:50:42,285 basehttp 12592 21236 "GET /static/admin/js/theme.js HTTP/1.1" 304 0
INFO 2024-01-02 23:50:42,289 basehttp 12592 21236 "GET /static/admin/js/nav_sidebar.js HTTP/1.1" 304 0
INFO 2024-01-02 23:50:42,290 basehttp 12592 7064 "GET /static/admin/js/filters.js HTTP/1.1" 304 0
INFO 2024-01-02 23:50:42,303 basehttp 12592 7064 "GET /static/admin/img/icon-addlink.svg HTTP/1.1" 304 0
INFO 2024-01-02 23:50:42,303 basehttp 12592 21236 "GET /static/admin/img/tooltag-add.svg HTTP/1.1" 304 0
INFO 2024-01-02 23:50:44,499 basehttp 12592 21236 "GET /admin/twoapp/order/2/change/ HTTP/1.1" 200 11338
INFO 2024-01-02 23:50:45,144 basehttp 12592 21236 "GET /static/admin/css/forms.css HTTP/1.1" 304 0
INFO 2024-01-02 23:50:45,150 basehttp 12592 7064 "GET /static/admin/js/prepopulate_init.js HTTP/1.1" 304 0
INFO 2024-01-02 23:50:45,155 basehttp 12592 21236 "GET /admin/jsi18n/ HTTP/1.1" 200 17546
INFO 2024-01-02 23:50:45,159 basehttp 12592 21236 "GET /static/admin/css/widgets.css HTTP/1.1" 304 0
INFO 2024-01-02 23:50:45,166 basehttp 12592 21236 "GET /static/admin/img/icon-changelink.svg HTTP/1.1" 304 0
INFO 2024-01-02 23:50:45,175 basehttp 12592 21236 "GET /static/admin/img/icon-viewlink.svg HTTP/1.1" 304 0
INFO 2024-01-02 23:50:45,177 basehttp 12592 7064 "GET /static/admin/js/change_form.js HTTP/1.1" 304 0
INFO 2024-01-02 23:52:25,656 autoreload 22992 3220 Watching for file changes with StatReloader
INFO 2024-01-02 23:52:31,794 basehttp 22992 14880 "GET /admin/twoapp/order/2/change/ HTTP/1.1" 200 11338
INFO 2024-01-02 23:52:31,817 basehttp 22992 14880 "GET /admin/jsi18n/ HTTP/1.1" 200 17546
INFO 2024-01-02 23:52:34,430 basehttp 22992 14880 "GET /admin/twoapp/product/ HTTP/1.1" 200 12857
INFO 2024-01-02 23:52:34,449 basehttp 22992 14880 "GET /admin/jsi18n/ HTTP/1.1" 200 17546
INFO 2024-01-02 23:52:34,457 basehttp 22992 14880 "GET /media/images/%D0%91%D0%B5%D0%B7_%D0%BD%D0%B0%D0%B7%D0%B2%D0%B0%D0%BD%D0%B8%D1%8F_8qVpbaH.jpg HTTP/1.1" 304 0
INFO 2024-01-02 23:52:34,464 basehttp 22992 14880 "GET /media/images/%D0%91%D0%B5%D0%B7_%D0%BD%D0%B0%D0%B7%D0%B2%D0%B0%D0%BD%D0%B8%D1%8F.jpg HTTP/1.1" 304 0
INFO 2024-01-02 23:52:36,300 basehttp 22992 14880 "GET /admin/twoapp/product/4/change/ HTTP/1.1" 200 12661
INFO 2024-01-02 23:52:36,929 basehttp 22992 14880 "GET /admin/jsi18n/ HTTP/1.1" 200 17546
INFO 2024-01-02 23:52:42,671 basehttp 22992 14880 "GET /admin/twoapp/product/ HTTP/1.1" 200 12857
INFO 2024-01-02 23:52:42,690 basehttp 22992 14880 "GET /admin/jsi18n/ HTTP/1.1" 200 17546
INFO 2024-01-02 23:52:44,149 basehttp 22992 14880 "GET /admin/twoapp/order/ HTTP/1.1" 200 10702
INFO 2024-01-02 23:52:44,723 basehttp 22992 14880 "GET /admin/jsi18n/ HTTP/1.1" 200 17546
INFO 2024-01-02 23:52:46,212 basehttp 22992 14880 "GET /admin/twoapp/order/2/change/ HTTP/1.1" 200 11338
INFO 2024-01-02 23:52:46,232 basehttp 22992 14880 "GET /admin/jsi18n/ HTTP/1.1" 200 17546
INFO 2024-01-02 23:53:26,115 autoreload 7232 5596 Watching for file changes with StatReloader
INFO 2024-01-03 00:01:33,119 autoreload 7232 5596 C:\Users\User\Desktop\projects\django_sem1\twoapp\admin.py changed, reloading.
INFO 2024-01-03 00:01:33,616 autoreload 9136 23468 Watching for file changes with StatReloader
INFO 2024-01-03 00:01:55,962 autoreload 20328 19468 Watching for file changes with StatReloader
INFO 2024-01-03 00:02:04,924 basehttp 20328 11584 "GET /admin/twoapp/order/2/change/ HTTP/1.1" 200 11338
INFO 2024-01-03 00:02:04,941 basehttp 20328 11584 "GET /admin/jsi18n/ HTTP/1.1" 200 17546
INFO 2024-01-03 00:02:07,430 basehttp 20328 11584 "GET /admin/twoapp/client/ HTTP/1.1" 200 10589
INFO 2024-01-03 00:02:08,007 basehttp 20328 11584 "GET /admin/jsi18n/ HTTP/1.1" 200 17546
INFO 2024-01-03 00:02:09,666 basehttp 20328 11584 "GET /admin/twoapp/client/1/change/ HTTP/1.1" 200 18043
INFO 2024-01-03 00:02:09,684 basehttp 20328 22428 "GET /static/admin/js/inlines.js HTTP/1.1" 304 0
INFO 2024-01-03 00:02:09,687 basehttp 20328 11584 "GET /admin/jsi18n/ HTTP/1.1" 200 17546
INFO 2024-01-03 00:02:09,688 basehttp 20328 22428 "GET /static/admin/img/icon-unknown.svg HTTP/1.1" 304 0
INFO 2024-01-03 00:02:29,785 basehttp 20328 22428 "POST /admin/twoapp/client/1/change/ HTTP/1.1" 302 0
INFO 2024-01-03 00:02:29,796 basehttp 20328 22428 "GET /admin/twoapp/client/ HTTP/1.1" 200 10839
INFO 2024-01-03 00:02:30,377 basehttp 20328 22428 "GET /admin/jsi18n/ HTTP/1.1" 200 17546
INFO 2024-01-03 00:02:30,393 basehttp 20328 22428 "GET /static/admin/img/icon-yes.svg HTTP/1.1" 304 0
INFO 2024-01-03 00:02:33,536 basehttp 20328 22428 "GET /admin/twoapp/order/ HTTP/1.1" 200 10696
INFO 2024-01-03 00:02:33,555 basehttp 20328 22428 "GET /admin/jsi18n/ HTTP/1.1" 200 17546
INFO 2024-01-03 00:02:37,160 basehttp 20328 22428 "GET /admin/twoapp/order/2/change/ HTTP/1.1" 200 11336
INFO 2024-01-03 00:02:37,741 basehttp 20328 22428 "GET /admin/jsi18n/ HTTP/1.1" 200 17546
INFO 2024-01-03 00:02:39,405 basehttp 20328 22428 "POST /admin/twoapp/order/2/change/ HTTP/1.1" 302 0
INFO 2024-01-03 00:02:39,418 basehttp 20328 22428 "GET /admin/twoapp/order/ HTTP/1.1" 200 10900
INFO 2024-01-03 00:02:39,438 basehttp 20328 22428 "GET /admin/jsi18n/ HTTP/1.1" 200 17546
INFO 2024-01-03 00:02:40,998 basehttp 20328 22428 "GET /admin/twoapp/order/1/change/ HTTP/1.1" 200 11336
INFO 2024-01-03 00:02:41,583 basehttp 20328 22428 "GET /admin/jsi18n/ HTTP/1.1" 200 17546
INFO 2024-01-03 00:02:42,712 basehttp 20328 22428 "POST /admin/twoapp/order/1/change/ HTTP/1.1" 302 0
INFO 2024-01-03 00:02:42,724 basehttp 20328 22428 "GET /admin/twoapp/order/ HTTP/1.1" 200 10903
INFO 2024-01-03 00:02:42,745 basehttp 20328 22428 "GET /admin/jsi18n/ HTTP/1.1" 200 17546
INFO 2024-01-03 00:02:46,751 basehttp 20328 22428 "GET /admin/twoapp/order/2/change/ HTTP/1.1" 200 11339
INFO 2024-01-03 00:02:47,333 basehttp 20328 22428 "GET /admin/jsi18n/ HTTP/1.1" 200 17546
INFO 2024-01-03 00:07:23,032 autoreload 18640 13804 Watching for file changes with StatReloader
INFO 2024-01-03 00:07:30,947 basehttp 18640 14628 "GET /twoapp/orders/?days=7 HTTP/1.1" 200 436
INFO 2024-01-03 00:07:32,889 basehttp 18640 14628 "GET /twoapp/orders/?days=7 HTTP/1.1" 200 436
INFO 2024-01-03 00:07:33,422 basehttp 18640 14628 "GET /twoapp/orders/?days=30 HTTP/1.1" 200 436
INFO 2024-01-03 00:07:34,039 basehttp 18640 14628 "GET /twoapp/orders/?days=365 HTTP/1.1" 200 436
INFO 2024-01-03 00:10:47,156 autoreload 14684 23396 Watching for file changes with StatReloader
INFO 2024-01-03 00:10:55,638 basehttp 14684 20568 "GET /twoapp/orders/?days=365 HTTP/1.1" 200 1018
INFO 2024-01-03 00:11:01,610 basehttp 14684 20568 "GET /twoapp/orders/?days=30 HTTP/1.1" 200 1018
INFO 2024-01-03 00:11:03,043 basehttp 14684 20568 "GET /twoapp/orders/?days=30 HTTP/1.1" 200 1018
INFO 2024-01-03 00:11:03,946 basehttp 14684 20568 "GET /twoapp/orders/?days=7 HTTP/1.1" 200 697
INFO 2024-01-03 00:11:05,126 basehttp 14684 20568 "GET /twoapp/orders/?days=365 HTTP/1.1" 200 1018
INFO 2024-01-03 00:11:06,042 basehttp 14684 20568 "GET /twoapp/orders/?days=30 HTTP/1.1" 200 1018
INFO 2024-01-03 00:11:06,776 basehttp 14684 20568 "GET /twoapp/orders/?days=7 HTTP/1.1" 200 697
INFO 2024-01-03 00:11:07,954 basehttp 14684 20568 "GET /twoapp/orders/?days=7 HTTP/1.1" 200 697
INFO 2024-01-03 00:11:08,580 basehttp 14684 20568 "GET /twoapp/orders/?days=30 HTTP/1.1" 200 1018
INFO 2024-01-03 00:11:09,567 basehttp 14684 20568 "GET /twoapp/orders/?days=365 HTTP/1.1" 200 1018
INFO 2024-01-03 00:11:10,366 basehttp 14684 20568 "GET /twoapp/orders/?days=7 HTTP/1.1" 200 697
INFO 2024-01-03 00:11:11,307 basehttp 14684 20568 "GET /twoapp/orders/?days=30 HTTP/1.1" 200 1018
INFO 2024-01-03 00:13:27,956 autoreload 10868 8896 Watching for file changes with StatReloader
INFO 2024-01-03 00:13:32,225 basehttp 10868 16528 "GET /twoapp/orders/?days=30 HTTP/1.1" 200 1530
INFO 2024-01-03 00:13:32,237 basehttp 10868 16528 "GET /media/images/%D0%91%D0%B5%D0%B7_%D0%BD%D0%B0%D0%B7%D0%B2%D0%B0%D0%BD%D0%B8%D1%8F.jpg HTTP/1.1" 304 0
INFO 2024-01-03 00:13:32,247 basehttp 10868 16528 "GET /media/images/%D0%91%D0%B5%D0%B7_%D0%BD%D0%B0%D0%B7%D0%B2%D0%B0%D0%BD%D0%B8%D1%8F_8qVpbaH.jpg HTTP/1.1" 304 0
INFO 2024-01-11 15:56:56,588 basehttp 10868 14832 "GET /twoapp/orders/ HTTP/1.1" 200 1530
INFO 2024-01-11 15:56:56,710 basehttp 10868 14832 "GET /media/images/%D0%91%D0%B5%D0%B7_%D0%BD%D0%B0%D0%B7%D0%B2%D0%B0%D0%BD%D0%B8%D1%8F.jpg HTTP/1.1" 200 12926
INFO 2024-01-11 15:56:56,714 basehttp 10868 21308 "GET /media/images/%D0%91%D0%B5%D0%B7_%D0%BD%D0%B0%D0%B7%D0%B2%D0%B0%D0%BD%D0%B8%D1%8F_8qVpbaH.jpg HTTP/1.1" 200 12926
INFO 2024-01-13 22:46:44,401 autoreload 15800 10148 Watching for file changes with StatReloader
INFO 2024-01-13 22:46:45,769 basehttp 15800 3908 "GET / HTTP/1.1" 200 2555
